TpTrace Verbose: 0 : 17836, 1, 2024/10/24, 18:38:42.551, 2487688974536, vstest.console.dll, Version: 17.10.0-release-24272-11 Current process architecture: X64
TpTrace Verbose: 0 : 17836, 1, 2024/10/24, 18:38:42.555, 2487689007915, vstest.console.dll, Runtime location: C:\Program Files\dotnet\shared\Microsoft.NETCore.App\8.0.7
TpTrace Verbose: 0 : 17836, 1, 2024/10/24, 18:38:42.559, 2487689050763, vstest.console.dll, ArtifactProcessingPostProcessModeProcessorExecutor.Initialize: ArtifactProcessingMode.Collect
TpTrace Verbose: 0 : 17836, 1, 2024/10/24, 18:38:42.559, 2487689052165, vstest.console.dll, TestSessionCorrelationIdProcessorModeProcessorExecutor.Initialize: TestSessionCorrelationId '22664_4962fd87-4d1d-4e0d-b9fc-65a707f1a43f'
TpTrace Information: 0 : 17836, 1, 2024/10/24, 18:38:42.567, 2487689131606, vstest.console.dll, FilePatternParser: The given file C:\Users\ARNAV\Desktop\Software Engineering\Lab Project\Demos\Development\FA1\SECloudTest\bin\Debug\net8.0\fine-code-coverage\build-output\SECloudTest.dll is a full path.
TpTrace Verbose: 0 : 17836, 1, 2024/10/24, 18:38:42.577, 2487689236173, vstest.console.dll, TestPluginCache.DiscoverTestExtensions: finding test extensions in assemblies ends with: RuntimeProvider.dll TPluginInfo: Microsoft.VisualStudio.TestPlatform.Common.ExtensionFramework.Utilities.TestRuntimePluginInformation TExtension: Microsoft.VisualStudio.TestPlatform.ObjectModel.Host.ITestRuntimeProvider
TpTrace Verbose: 0 : 17836, 1, 2024/10/24, 18:38:42.578, 2487689240293, vstest.console.dll, TestPluginCache.GetExtensionPaths: Filtered extension paths: 
TpTrace Verbose: 0 : 17836, 1, 2024/10/24, 18:38:42.578, 2487689241485, vstest.console.dll, TestPluginCache.GetExtensionPaths: Added default extension paths: C:\Program Files\dotnet\sdk\8.0.303\Extensions\Microsoft.Diagnostics.NETCore.Client.dll
C:\Program Files\dotnet\sdk\8.0.303\Extensions\Microsoft.TestPlatform.Extensions.BlameDataCollector.dll
C:\Program Files\dotnet\sdk\8.0.303\Extensions\Microsoft.TestPlatform.Extensions.EventLogCollector.dll
C:\Program Files\dotnet\sdk\8.0.303\Extensions\Microsoft.TestPlatform.TestHostRuntimeProvider.dll
C:\Program Files\dotnet\sdk\8.0.303\Extensions\Microsoft.VisualStudio.TestPlatform.Extensions.Html.TestLogger.dll
C:\Program Files\dotnet\sdk\8.0.303\Extensions\Microsoft.VisualStudio.TestPlatform.Extensions.Trx.TestLogger.dll
TpTrace Verbose: 0 : 17836, 1, 2024/10/24, 18:38:42.578, 2487689242364, vstest.console.dll, TestPluginCache.GetExtensionPaths: Added unfilterableExtensionPaths: 
TpTrace Information: 0 : 17836, 1, 2024/10/24, 18:38:42.579, 2487689251260, vstest.console.dll, AssemblyResolver.ctor: Creating AssemblyResolver with searchDirectories C:\Program Files\dotnet\sdk\8.0.303\Extensions,C:\Program Files\dotnet\sdk\8.0.303
TpTrace Verbose: 0 : 17836, 1, 2024/10/24, 18:38:42.580, 2487689264035, vstest.console.dll, TestPluginCache.DiscoverTestExtensions: Discovering the extensions using extension path.
TpTrace Verbose: 0 : 17836, 1, 2024/10/24, 18:38:42.580, 2487689265405, vstest.console.dll, TestPluginCache.GetExtensionPaths: Filtered extension paths: 
TpTrace Verbose: 0 : 17836, 1, 2024/10/24, 18:38:42.580, 2487689265794, vstest.console.dll, TestPluginCache.GetExtensionPaths: Added default extension paths: C:\Program Files\dotnet\sdk\8.0.303\Extensions\Microsoft.Diagnostics.NETCore.Client.dll
C:\Program Files\dotnet\sdk\8.0.303\Extensions\Microsoft.TestPlatform.Extensions.BlameDataCollector.dll
C:\Program Files\dotnet\sdk\8.0.303\Extensions\Microsoft.TestPlatform.Extensions.EventLogCollector.dll
C:\Program Files\dotnet\sdk\8.0.303\Extensions\Microsoft.TestPlatform.TestHostRuntimeProvider.dll
C:\Program Files\dotnet\sdk\8.0.303\Extensions\Microsoft.VisualStudio.TestPlatform.Extensions.Html.TestLogger.dll
C:\Program Files\dotnet\sdk\8.0.303\Extensions\Microsoft.VisualStudio.TestPlatform.Extensions.Trx.TestLogger.dll
TpTrace Verbose: 0 : 17836, 1, 2024/10/24, 18:38:42.580, 2487689266099, vstest.console.dll, TestPluginCache.GetExtensionPaths: Added unfilterableExtensionPaths: 
TpTrace Verbose: 0 : 17836, 1, 2024/10/24, 18:38:42.580, 2487689266656, vstest.console.dll, TestPluginCache.DiscoverTestExtensions: Discovering the extensions using allExtensionPaths: C:\Program Files\dotnet\sdk\8.0.303\Extensions\Microsoft.Diagnostics.NETCore.Client.dll
C:\Program Files\dotnet\sdk\8.0.303\Extensions\Microsoft.TestPlatform.Extensions.BlameDataCollector.dll
C:\Program Files\dotnet\sdk\8.0.303\Extensions\Microsoft.TestPlatform.Extensions.EventLogCollector.dll
C:\Program Files\dotnet\sdk\8.0.303\Extensions\Microsoft.TestPlatform.TestHostRuntimeProvider.dll
C:\Program Files\dotnet\sdk\8.0.303\Extensions\Microsoft.VisualStudio.TestPlatform.Extensions.Html.TestLogger.dll
C:\Program Files\dotnet\sdk\8.0.303\Extensions\Microsoft.VisualStudio.TestPlatform.Extensions.Trx.TestLogger.dll
TpTrace Information: 0 : 17836, 1, 2024/10/24, 18:38:42.581, 2487689269719, vstest.console.dll, AssemblyResolver.AddSearchDirectories: Adding more searchDirectories C:\Program Files\dotnet\sdk\8.0.303\Extensions,C:\Program Files\dotnet\sdk\8.0.303
TpTrace Information: 0 : 17836, 1, 2024/10/24, 18:38:42.581, 2487689270212, vstest.console.dll, AssemblyResolver.AddSearchDirectories: Adding more searchDirectories C:\Program Files\dotnet\sdk\8.0.303\Extensions,C:\Program Files\dotnet\sdk\8.0.303
TpTrace Information: 0 : 17836, 1, 2024/10/24, 18:38:42.581, 2487689270437, vstest.console.dll, AssemblyResolver.AddSearchDirectories: Adding more searchDirectories C:\Program Files\dotnet\sdk\8.0.303\Extensions,C:\Program Files\dotnet\sdk\8.0.303
TpTrace Information: 0 : 17836, 1, 2024/10/24, 18:38:42.581, 2487689270662, vstest.console.dll, AssemblyResolver.AddSearchDirectories: Adding more searchDirectories C:\Program Files\dotnet\sdk\8.0.303\Extensions,C:\Program Files\dotnet\sdk\8.0.303
TpTrace Information: 0 : 17836, 1, 2024/10/24, 18:38:42.581, 2487689270854, vstest.console.dll, AssemblyResolver.AddSearchDirectories: Adding more searchDirectories C:\Program Files\dotnet\sdk\8.0.303\Extensions,C:\Program Files\dotnet\sdk\8.0.303
TpTrace Information: 0 : 17836, 1, 2024/10/24, 18:38:42.581, 2487689271041, vstest.console.dll, AssemblyResolver.AddSearchDirectories: Adding more searchDirectories C:\Program Files\dotnet\sdk\8.0.303\Extensions,C:\Program Files\dotnet\sdk\8.0.303
TpTrace Information: 0 : 17836, 1, 2024/10/24, 18:38:42.581, 2487689275224, vstest.console.dll, AssemblyResolver.OnResolve: Microsoft.Diagnostics.NETCore.Client: Resolving assembly.
TpTrace Information: 0 : 17836, 1, 2024/10/24, 18:38:42.581, 2487689275874, vstest.console.dll, AssemblyResolver.OnResolve: Microsoft.Diagnostics.NETCore.Client: Searching in: 'C:\Program Files\dotnet\sdk\8.0.303\Extensions'.
TpTrace Information: 0 : 17836, 1, 2024/10/24, 18:38:42.594, 2487689397604, vstest.console.dll, AssemblyResolver.OnResolve: Microsoft.Diagnostics.NETCore.Client: Loading assembly 'C:\Program Files\dotnet\sdk\8.0.303\Extensions\Microsoft.Diagnostics.NETCore.Client.dll'.
TpTrace Information: 0 : 17836, 1, 2024/10/24, 18:38:42.596, 2487689421469, vstest.console.dll, AssemblyResolver.OnResolve: Resolved assembly: Microsoft.Diagnostics.NETCore.Client, from path: C:\Program Files\dotnet\sdk\8.0.303\Extensions\Microsoft.Diagnostics.NETCore.Client.dll
TpTrace Verbose: 0 : 17836, 1, 2024/10/24, 18:38:42.600, 2487689467575, vstest.console.dll, MetadataReaderExtensionsHelper: Discovering extensions inside assembly 'Microsoft.Diagnostics.NETCore.Client, Version=0.2.10.15101, Culture=neutral, PublicKeyToken=31bf3856ad364e35' file path 'C:\Program Files\dotnet\sdk\8.0.303\Extensions\Microsoft.Diagnostics.NETCore.Client.dll'
TpTrace Information: 0 : 17836, 1, 2024/10/24, 18:38:42.605, 2487689509579, vstest.console.dll, AssemblyResolver.OnResolve: Microsoft.Bcl.AsyncInterfaces: Resolving assembly.
TpTrace Information: 0 : 17836, 1, 2024/10/24, 18:38:42.605, 2487689510547, vstest.console.dll, AssemblyResolver.OnResolve: Microsoft.Bcl.AsyncInterfaces: Searching in: 'C:\Program Files\dotnet\sdk\8.0.303\Extensions'.
TpTrace Information: 0 : 17836, 1, 2024/10/24, 18:38:42.605, 2487689511635, vstest.console.dll, AssemblyResolver.OnResolve: Microsoft.Bcl.AsyncInterfaces: Assembly path does not exist: 'C:\Program Files\dotnet\sdk\8.0.303\Extensions\Microsoft.Bcl.AsyncInterfaces.dll', returning.
TpTrace Information: 0 : 17836, 1, 2024/10/24, 18:38:42.605, 2487689513415, vstest.console.dll, AssemblyResolver.OnResolve: Microsoft.Bcl.AsyncInterfaces: Assembly path does not exist: 'C:\Program Files\dotnet\sdk\8.0.303\Extensions\Microsoft.Bcl.AsyncInterfaces.exe', returning.
TpTrace Information: 0 : 17836, 1, 2024/10/24, 18:38:42.605, 2487689513719, vstest.console.dll, AssemblyResolver.OnResolve: Microsoft.Bcl.AsyncInterfaces: Searching in: 'C:\Program Files\dotnet\sdk\8.0.303'.
TpTrace Information: 0 : 17836, 1, 2024/10/24, 18:38:42.605, 2487689514280, vstest.console.dll, AssemblyResolver.OnResolve: Microsoft.Bcl.AsyncInterfaces: Assembly path does not exist: 'C:\Program Files\dotnet\sdk\8.0.303\Microsoft.Bcl.AsyncInterfaces.dll', returning.
TpTrace Information: 0 : 17836, 1, 2024/10/24, 18:38:42.605, 2487689515155, vstest.console.dll, AssemblyResolver.OnResolve: Microsoft.Bcl.AsyncInterfaces: Assembly path does not exist: 'C:\Program Files\dotnet\sdk\8.0.303\Microsoft.Bcl.AsyncInterfaces.exe', returning.
TpTrace Information: 0 : 17836, 1, 2024/10/24, 18:38:42.605, 2487689515422, vstest.console.dll, AssemblyResolver.OnResolve: Microsoft.Bcl.AsyncInterfaces: Failed to load assembly.
TpTrace Verbose: 0 : 17836, 1, 2024/10/24, 18:38:42.605, 2487689515717, vstest.console.dll, CurrentDomainAssemblyResolve: Resolving assembly 'Microsoft.Bcl.AsyncInterfaces'.
TpTrace Information: 0 : 17836, 1, 2024/10/24, 18:38:42.605, 2487689516217, vstest.console.dll, AssemblyResolver.OnResolve: Microsoft.Bcl.AsyncInterfaces: Resolving assembly.
TpTrace Information: 0 : 17836, 1, 2024/10/24, 18:38:42.605, 2487689516500, vstest.console.dll, AssemblyResolver.OnResolve: Microsoft.Bcl.AsyncInterfaces: Resolved from cache.
TpTrace Verbose: 0 : 17836, 1, 2024/10/24, 18:38:42.605, 2487689516740, vstest.console.dll, CurrentDomainAssemblyResolve: Resolving assembly 'Microsoft.Bcl.AsyncInterfaces'.
TpTrace Verbose: 0 : 17836, 1, 2024/10/24, 18:38:42.605, 2487689516991, vstest.console.dll, CurrentDomainAssemblyResolve: Failed to resolve assembly 'Microsoft.Bcl.AsyncInterfaces'.
TpTrace Verbose: 0 : 17836, 1, 2024/10/24, 18:38:42.609, 2487689550353, vstest.console.dll, CurrentDomainAssemblyResolve: Failed to resolve assembly 'Microsoft.Bcl.AsyncInterfaces'.
TpTrace Warning: 0 : 17836, 1, 2024/10/24, 18:38:42.626, 2487689723423, vstest.console.dll, TestPluginDiscoverer: Failed to get types from assembly 'Microsoft.Diagnostics.NETCore.Client, Version=0.2.10.15101, Culture=neutral, PublicKeyToken=31bf3856ad364e35'. Error: System.Reflection.ReflectionTypeLoadException: Unable to load one or more of the requested types.
Could not load file or assembly 'Microsoft.Bcl.AsyncInterfaces, Version=6.0.0.0, Culture=neutral, PublicKeyToken=cc7b13ffcd2ddd51'. The system cannot find the file specified.
   at System.Reflection.RuntimeModule.GetTypes(RuntimeModule module)
   at System.Reflection.RuntimeModule.GetTypes()
   at Microsoft.VisualStudio.TestPlatform.Common.ExtensionFramework.TestPluginDiscoverer.GetTestExtensionsFromAssembly[TPluginInfo,TExtension](Assembly assembly, Dictionary`2 pluginInfos, String filePath) in /_/src/Microsoft.TestPlatform.Common/ExtensionFramework/TestPluginDiscoverer.cs:line 158
System.IO.FileNotFoundException: Could not load file or assembly 'Microsoft.Bcl.AsyncInterfaces, Version=6.0.0.0, Culture=neutral, PublicKeyToken=cc7b13ffcd2ddd51'. The system cannot find the file specified.
File name: 'Microsoft.Bcl.AsyncInterfaces, Version=6.0.0.0, Culture=neutral, PublicKeyToken=cc7b13ffcd2ddd51'
 ---> System.IO.FileNotFoundException: Could not load file or assembly 'Microsoft.Bcl.AsyncInterfaces, Culture=neutral, PublicKeyToken=null'. The system cannot find the file specified.
File name: 'Microsoft.Bcl.AsyncInterfaces, Culture=neutral, PublicKeyToken=null'
   at System.Reflection.RuntimeAssembly.InternalLoad(AssemblyName assemblyName, StackCrawlMark& stackMark, AssemblyLoadContext assemblyLoadContext, RuntimeAssembly requestingAssembly, Boolean throwOnFileNotFound)
   at System.Reflection.Assembly.Load(AssemblyName assemblyRef)
   at Microsoft.VisualStudio.TestPlatform.Common.ExtensionFramework.TestPluginCache.CurrentDomainAssemblyResolve(Object sender, AssemblyResolveEventArgs args) in /_/src/Microsoft.TestPlatform.Common/ExtensionFramework/TestPluginCache.cs:line 513
   at System.Runtime.Loader.AssemblyLoadContext.GetFirstResolvedAssemblyFromResolvingEvent(AssemblyName assemblyName)
   at System.Runtime.Loader.AssemblyLoadContext.ResolveUsingEvent(AssemblyName assemblyName)
   at System.Runtime.Loader.AssemblyLoadContext.ResolveUsingResolvingEvent(IntPtr gchManagedAssemblyLoadContext, AssemblyName assemblyName)
TpTrace Warning: 0 : 17836, 1, 2024/10/24, 18:38:42.626, 2487689726940, vstest.console.dll, LoaderExceptions: System.IO.FileNotFoundException: Could not load file or assembly 'Microsoft.Bcl.AsyncInterfaces, Version=6.0.0.0, Culture=neutral, PublicKeyToken=cc7b13ffcd2ddd51'. The system cannot find the file specified.
File name: 'Microsoft.Bcl.AsyncInterfaces, Version=6.0.0.0, Culture=neutral, PublicKeyToken=cc7b13ffcd2ddd51'
 ---> System.IO.FileNotFoundException: Could not load file or assembly 'Microsoft.Bcl.AsyncInterfaces, Culture=neutral, PublicKeyToken=null'. The system cannot find the file specified.
File name: 'Microsoft.Bcl.AsyncInterfaces, Culture=neutral, PublicKeyToken=null'
   at System.Reflection.RuntimeAssembly.InternalLoad(AssemblyName assemblyName, StackCrawlMark& stackMark, AssemblyLoadContext assemblyLoadContext, RuntimeAssembly requestingAssembly, Boolean throwOnFileNotFound)
   at System.Reflection.Assembly.Load(AssemblyName assemblyRef)
   at Microsoft.VisualStudio.TestPlatform.Common.ExtensionFramework.TestPluginCache.CurrentDomainAssemblyResolve(Object sender, AssemblyResolveEventArgs args) in /_/src/Microsoft.TestPlatform.Common/ExtensionFramework/TestPluginCache.cs:line 513
   at System.Runtime.Loader.AssemblyLoadContext.GetFirstResolvedAssemblyFromResolvingEvent(AssemblyName assemblyName)
   at System.Runtime.Loader.AssemblyLoadContext.ResolveUsingEvent(AssemblyName assemblyName)
   at System.Runtime.Loader.AssemblyLoadContext.ResolveUsingResolvingEvent(IntPtr gchManagedAssemblyLoadContext, AssemblyName assemblyName)
TpTrace Information: 0 : 17836, 1, 2024/10/24, 18:38:42.627, 2487689728286, vstest.console.dll, AssemblyResolver.OnResolve: Microsoft.TestPlatform.Extensions.BlameDataCollector: Resolving assembly.
TpTrace Information: 0 : 17836, 1, 2024/10/24, 18:38:42.627, 2487689728675, vstest.console.dll, AssemblyResolver.OnResolve: Microsoft.TestPlatform.Extensions.BlameDataCollector: Searching in: 'C:\Program Files\dotnet\sdk\8.0.303\Extensions'.
TpTrace Information: 0 : 17836, 1, 2024/10/24, 18:38:42.628, 2487689741032, vstest.console.dll, AssemblyResolver.OnResolve: Microsoft.TestPlatform.Extensions.BlameDataCollector: Loading assembly 'C:\Program Files\dotnet\sdk\8.0.303\Extensions\Microsoft.TestPlatform.Extensions.BlameDataCollector.dll'.
TpTrace Information: 0 : 17836, 1, 2024/10/24, 18:38:42.629, 2487689755169, vstest.console.dll, AssemblyResolver.OnResolve: Resolved assembly: Microsoft.TestPlatform.Extensions.BlameDataCollector, from path: C:\Program Files\dotnet\sdk\8.0.303\Extensions\Microsoft.TestPlatform.Extensions.BlameDataCollector.dll
TpTrace Verbose: 0 : 17836, 1, 2024/10/24, 18:38:42.629, 2487689756057, vstest.console.dll, MetadataReaderExtensionsHelper: Discovering extensions inside assembly 'Microsoft.TestPlatform.Extensions.BlameDataCollector, Version=15.0.0.0, Culture=neutral, PublicKeyToken=b03f5f7f11d50a3a' file path 'C:\Program Files\dotnet\sdk\8.0.303\Extensions\Microsoft.TestPlatform.Extensions.BlameDataCollector.dll'
TpTrace Information: 0 : 17836, 1, 2024/10/24, 18:38:42.632, 2487689779398, vstest.console.dll, AssemblyResolver.OnResolve: Microsoft.TestPlatform.Extensions.EventLogCollector: Resolving assembly.
TpTrace Information: 0 : 17836, 1, 2024/10/24, 18:38:42.632, 2487689780303, vstest.console.dll, AssemblyResolver.OnResolve: Microsoft.TestPlatform.Extensions.EventLogCollector: Searching in: 'C:\Program Files\dotnet\sdk\8.0.303\Extensions'.
TpTrace Information: 0 : 17836, 1, 2024/10/24, 18:38:42.633, 2487689789645, vstest.console.dll, AssemblyResolver.OnResolve: Microsoft.TestPlatform.Extensions.EventLogCollector: Loading assembly 'C:\Program Files\dotnet\sdk\8.0.303\Extensions\Microsoft.TestPlatform.Extensions.EventLogCollector.dll'.
TpTrace Information: 0 : 17836, 1, 2024/10/24, 18:38:42.633, 2487689794736, vstest.console.dll, AssemblyResolver.OnResolve: Resolved assembly: Microsoft.TestPlatform.Extensions.EventLogCollector, from path: C:\Program Files\dotnet\sdk\8.0.303\Extensions\Microsoft.TestPlatform.Extensions.EventLogCollector.dll
TpTrace Verbose: 0 : 17836, 1, 2024/10/24, 18:38:42.633, 2487689795483, vstest.console.dll, MetadataReaderExtensionsHelper: Discovering extensions inside assembly 'Microsoft.TestPlatform.Extensions.EventLogCollector, Version=15.0.0.0, Culture=neutral, PublicKeyToken=b03f5f7f11d50a3a' file path 'C:\Program Files\dotnet\sdk\8.0.303\Extensions\Microsoft.TestPlatform.Extensions.EventLogCollector.dll'
TpTrace Information: 0 : 17836, 1, 2024/10/24, 18:38:42.636, 2487689824180, vstest.console.dll, AssemblyResolver.OnResolve: Microsoft.TestPlatform.TestHostRuntimeProvider: Resolving assembly.
TpTrace Information: 0 : 17836, 1, 2024/10/24, 18:38:42.636, 2487689824845, vstest.console.dll, AssemblyResolver.OnResolve: Microsoft.TestPlatform.TestHostRuntimeProvider: Searching in: 'C:\Program Files\dotnet\sdk\8.0.303\Extensions'.
TpTrace Information: 0 : 17836, 1, 2024/10/24, 18:38:42.637, 2487689830857, vstest.console.dll, AssemblyResolver.OnResolve: Microsoft.TestPlatform.TestHostRuntimeProvider: Loading assembly 'C:\Program Files\dotnet\sdk\8.0.303\Extensions\Microsoft.TestPlatform.TestHostRuntimeProvider.dll'.
TpTrace Information: 0 : 17836, 1, 2024/10/24, 18:38:42.638, 2487689841248, vstest.console.dll, AssemblyResolver.OnResolve: Resolved assembly: Microsoft.TestPlatform.TestHostRuntimeProvider, from path: C:\Program Files\dotnet\sdk\8.0.303\Extensions\Microsoft.TestPlatform.TestHostRuntimeProvider.dll
TpTrace Verbose: 0 : 17836, 1, 2024/10/24, 18:38:42.638, 2487689841967, vstest.console.dll, MetadataReaderExtensionsHelper: Discovering extensions inside assembly 'Microsoft.TestPlatform.TestHostRuntimeProvider, Version=15.0.0.0, Culture=neutral, PublicKeyToken=b03f5f7f11d50a3a' file path 'C:\Program Files\dotnet\sdk\8.0.303\Extensions\Microsoft.TestPlatform.TestHostRuntimeProvider.dll'
TpTrace Information: 0 : 17836, 1, 2024/10/24, 18:38:42.640, 2487689860353, vstest.console.dll, GetTestExtensionFromType: Register extension with identifier data 'HostProvider://DefaultTestHost' and type 'Microsoft.VisualStudio.TestPlatform.CrossPlatEngine.Hosting.DefaultTestHostManager, Microsoft.TestPlatform.TestHostRuntimeProvider, Version=15.0.0.0, Culture=neutral, PublicKeyToken=b03f5f7f11d50a3a' inside file 'C:\Program Files\dotnet\sdk\8.0.303\Extensions\Microsoft.TestPlatform.TestHostRuntimeProvider.dll'
TpTrace Information: 0 : 17836, 1, 2024/10/24, 18:38:42.640, 2487689863301, vstest.console.dll, GetTestExtensionFromType: Register extension with identifier data 'HostProvider://DotnetTestHost' and type 'Microsoft.VisualStudio.TestPlatform.CrossPlatEngine.Hosting.DotnetTestHostManager, Microsoft.TestPlatform.TestHostRuntimeProvider, Version=15.0.0.0, Culture=neutral, PublicKeyToken=b03f5f7f11d50a3a' inside file 'C:\Program Files\dotnet\sdk\8.0.303\Extensions\Microsoft.TestPlatform.TestHostRuntimeProvider.dll'
TpTrace Information: 0 : 17836, 1, 2024/10/24, 18:38:42.640, 2487689864069, vstest.console.dll, AssemblyResolver.OnResolve: Microsoft.VisualStudio.TestPlatform.Extensions.Html.TestLogger: Resolving assembly.
TpTrace Information: 0 : 17836, 1, 2024/10/24, 18:38:42.640, 2487689864541, vstest.console.dll, AssemblyResolver.OnResolve: Microsoft.VisualStudio.TestPlatform.Extensions.Html.TestLogger: Searching in: 'C:\Program Files\dotnet\sdk\8.0.303\Extensions'.
TpTrace Information: 0 : 17836, 1, 2024/10/24, 18:38:42.641, 2487689871951, vstest.console.dll, AssemblyResolver.OnResolve: Microsoft.VisualStudio.TestPlatform.Extensions.Html.TestLogger: Loading assembly 'C:\Program Files\dotnet\sdk\8.0.303\Extensions\Microsoft.VisualStudio.TestPlatform.Extensions.Html.TestLogger.dll'.
TpTrace Information: 0 : 17836, 1, 2024/10/24, 18:38:42.642, 2487689880640, vstest.console.dll, AssemblyResolver.OnResolve: Resolved assembly: Microsoft.VisualStudio.TestPlatform.Extensions.Html.TestLogger, from path: C:\Program Files\dotnet\sdk\8.0.303\Extensions\Microsoft.VisualStudio.TestPlatform.Extensions.Html.TestLogger.dll
TpTrace Verbose: 0 : 17836, 1, 2024/10/24, 18:38:42.642, 2487689881415, vstest.console.dll, MetadataReaderExtensionsHelper: Discovering extensions inside assembly 'Microsoft.VisualStudio.TestPlatform.Extensions.Html.TestLogger, Version=15.0.0.0, Culture=neutral, PublicKeyToken=b03f5f7f11d50a3a' file path 'C:\Program Files\dotnet\sdk\8.0.303\Extensions\Microsoft.VisualStudio.TestPlatform.Extensions.Html.TestLogger.dll'
TpTrace Information: 0 : 17836, 1, 2024/10/24, 18:38:42.643, 2487689891475, vstest.console.dll, AssemblyResolver.OnResolve: Microsoft.VisualStudio.TestPlatform.Extensions.Trx.TestLogger: Resolving assembly.
TpTrace Information: 0 : 17836, 1, 2024/10/24, 18:38:42.643, 2487689891984, vstest.console.dll, AssemblyResolver.OnResolve: Microsoft.VisualStudio.TestPlatform.Extensions.Trx.TestLogger: Searching in: 'C:\Program Files\dotnet\sdk\8.0.303\Extensions'.
TpTrace Information: 0 : 17836, 1, 2024/10/24, 18:38:42.644, 2487689901792, vstest.console.dll, AssemblyResolver.OnResolve: Microsoft.VisualStudio.TestPlatform.Extensions.Trx.TestLogger: Loading assembly 'C:\Program Files\dotnet\sdk\8.0.303\Extensions\Microsoft.VisualStudio.TestPlatform.Extensions.Trx.TestLogger.dll'.
TpTrace Information: 0 : 17836, 1, 2024/10/24, 18:38:42.645, 2487689911640, vstest.console.dll, AssemblyResolver.OnResolve: Resolved assembly: Microsoft.VisualStudio.TestPlatform.Extensions.Trx.TestLogger, from path: C:\Program Files\dotnet\sdk\8.0.303\Extensions\Microsoft.VisualStudio.TestPlatform.Extensions.Trx.TestLogger.dll
TpTrace Verbose: 0 : 17836, 1, 2024/10/24, 18:38:42.645, 2487689912280, vstest.console.dll, MetadataReaderExtensionsHelper: Discovering extensions inside assembly 'Microsoft.VisualStudio.TestPlatform.Extensions.Trx.TestLogger, Version=15.0.0.0, Culture=neutral, PublicKeyToken=b03f5f7f11d50a3a' file path 'C:\Program Files\dotnet\sdk\8.0.303\Extensions\Microsoft.VisualStudio.TestPlatform.Extensions.Trx.TestLogger.dll'
TpTrace Verbose: 0 : 17836, 1, 2024/10/24, 18:38:42.647, 2487689929684, vstest.console.dll, TestPluginCache: Discovered the extensions using extension path ''.
TpTrace Verbose: 0 : 17836, 1, 2024/10/24, 18:38:42.647, 2487689930533, vstest.console.dll, TestPluginCache: Discoverers are ''.
TpTrace Verbose: 0 : 17836, 1, 2024/10/24, 18:38:42.647, 2487689930773, vstest.console.dll, TestPluginCache: Executors are ''.
TpTrace Verbose: 0 : 17836, 1, 2024/10/24, 18:38:42.647, 2487689930941, vstest.console.dll, TestPluginCache: Executors2 are ''.
TpTrace Verbose: 0 : 17836, 1, 2024/10/24, 18:38:42.647, 2487689931175, vstest.console.dll, TestPluginCache: Setting providers are ''.
TpTrace Verbose: 0 : 17836, 1, 2024/10/24, 18:38:42.647, 2487689931343, vstest.console.dll, TestPluginCache: Loggers are ''.
TpTrace Verbose: 0 : 17836, 1, 2024/10/24, 18:38:42.647, 2487689932988, vstest.console.dll, TestPluginCache: TestHosts are 'HostProvider://DefaultTestHost,HostProvider://DotnetTestHost'.
TpTrace Verbose: 0 : 17836, 1, 2024/10/24, 18:38:42.647, 2487689933293, vstest.console.dll, TestPluginCache: DataCollectors are ''.
TpTrace Information: 0 : 17836, 1, 2024/10/24, 18:38:42.667, 2487690129257, vstest.console.dll, RunTestsArgumentProcessor:Execute: Test run is starting.
TpTrace Verbose: 0 : 17836, 1, 2024/10/24, 18:38:42.667, 2487690130217, vstest.console.dll, RunTestsArgumentProcessor:Execute: Queuing Test run.
TpTrace Information: 0 : 17836, 1, 2024/10/24, 18:38:42.667, 2487690133639, vstest.console.dll, TestRequestManager.RunTests: run tests started.
TpTrace Information: 0 : 17836, 1, 2024/10/24, 18:38:42.669, 2487690147758, vstest.console.dll, AssemblyMetadataProvider.GetFrameworkName: Determined framework:'.NETCoreApp,Version=v8.0' for source: 'C:\Users\ARNAV\Desktop\Software Engineering\Lab Project\Demos\Development\FA1\SECloudTest\bin\Debug\net8.0\fine-code-coverage\build-output\SECloudTest.dll'
TpTrace Information: 0 : 17836, 1, 2024/10/24, 18:38:42.669, 2487690149279, vstest.console.dll, Determined framework for all sources: .NETCoreApp,Version=v8.0
TpTrace Verbose: 0 : 17836, 1, 2024/10/24, 18:38:42.669, 2487690154046, vstest.console.dll, TestRequestManager.UpdateRunSettingsIfRequired: Default architecture: X64 IsDefaultTargetArchitecture: True, Current process architecture: X64 OperatingSystem: Windows.
TpTrace Information: 0 : 17836, 1, 2024/10/24, 18:38:42.671, 2487690175118, vstest.console.dll, AssemblyMetadataProvider.GetArchitecture: Determined architecture:AnyCPU info for assembly: C:\Users\ARNAV\Desktop\Software Engineering\Lab Project\Demos\Development\FA1\SECloudTest\bin\Debug\net8.0\fine-code-coverage\build-output\SECloudTest.dll
TpTrace Information: 0 : 17836, 1, 2024/10/24, 18:38:42.671, 2487690175778, vstest.console.dll, Determined platform for source 'C:\Users\ARNAV\Desktop\Software Engineering\Lab Project\Demos\Development\FA1\SECloudTest\bin\Debug\net8.0\fine-code-coverage\build-output\SECloudTest.dll' was AnyCPU and it will use the default plaform X64.
TpTrace Information: 0 : 17836, 1, 2024/10/24, 18:38:42.671, 2487690176037, vstest.console.dll, None of the sources provided any runnable platform, using the default platform: X64
TpTrace Information: 0 : 17836, 1, 2024/10/24, 18:38:42.671, 2487690176917, vstest.console.dll, Platform was updated to 'X64'.
TpTrace Information: 0 : 17836, 1, 2024/10/24, 18:38:42.679, 2487690250416, vstest.console.dll, InferRunSettingsHelper.IsTestSettingsEnabled: Unable to navigate to RunSettings/MSTest. Current node: RunSettings
TpTrace Information: 0 : 17836, 1, 2024/10/24, 18:38:42.680, 2487690261732, vstest.console.dll, AssemblyResolver.OnResolve: Microsoft.VisualStudio.TestPlatform.Fakes: Resolving assembly.
TpTrace Information: 0 : 17836, 1, 2024/10/24, 18:38:42.680, 2487690263040, vstest.console.dll, AssemblyResolver.OnResolve: Microsoft.VisualStudio.TestPlatform.Fakes: Searching in: 'C:\Program Files\dotnet\sdk\8.0.303\Extensions'.
TpTrace Information: 0 : 17836, 1, 2024/10/24, 18:38:42.680, 2487690264833, vstest.console.dll, AssemblyResolver.OnResolve: Microsoft.VisualStudio.TestPlatform.Fakes: Assembly path does not exist: 'C:\Program Files\dotnet\sdk\8.0.303\Extensions\Microsoft.VisualStudio.TestPlatform.Fakes.dll', returning.
TpTrace Information: 0 : 17836, 1, 2024/10/24, 18:38:42.680, 2487690266591, vstest.console.dll, AssemblyResolver.OnResolve: Microsoft.VisualStudio.TestPlatform.Fakes: Assembly path does not exist: 'C:\Program Files\dotnet\sdk\8.0.303\Extensions\Microsoft.VisualStudio.TestPlatform.Fakes.exe', returning.
TpTrace Information: 0 : 17836, 1, 2024/10/24, 18:38:42.680, 2487690266930, vstest.console.dll, AssemblyResolver.OnResolve: Microsoft.VisualStudio.TestPlatform.Fakes: Searching in: 'C:\Program Files\dotnet\sdk\8.0.303'.
TpTrace Information: 0 : 17836, 1, 2024/10/24, 18:38:42.681, 2487690268058, vstest.console.dll, AssemblyResolver.OnResolve: Microsoft.VisualStudio.TestPlatform.Fakes: Assembly path does not exist: 'C:\Program Files\dotnet\sdk\8.0.303\Microsoft.VisualStudio.TestPlatform.Fakes.dll', returning.
TpTrace Information: 0 : 17836, 1, 2024/10/24, 18:38:42.681, 2487690268790, vstest.console.dll, AssemblyResolver.OnResolve: Microsoft.VisualStudio.TestPlatform.Fakes: Assembly path does not exist: 'C:\Program Files\dotnet\sdk\8.0.303\Microsoft.VisualStudio.TestPlatform.Fakes.exe', returning.
TpTrace Information: 0 : 17836, 1, 2024/10/24, 18:38:42.681, 2487690269181, vstest.console.dll, AssemblyResolver.OnResolve: Microsoft.VisualStudio.TestPlatform.Fakes: Failed to load assembly.
TpTrace Information: 0 : 17836, 1, 2024/10/24, 18:38:42.681, 2487690274993, vstest.console.dll, Failed to load assembly Microsoft.VisualStudio.TestPlatform.Fakes, Version=17.0.0.0, Culture=neutral. Reason:System.IO.FileNotFoundException: Could not load file or assembly 'Microsoft.VisualStudio.TestPlatform.Fakes, Version=17.0.0.0, Culture=neutral, PublicKeyToken=null'. The system cannot find the file specified.
File name: 'Microsoft.VisualStudio.TestPlatform.Fakes, Version=17.0.0.0, Culture=neutral, PublicKeyToken=null'
   at System.Reflection.RuntimeAssembly.InternalLoad(AssemblyName assemblyName, StackCrawlMark& stackMark, AssemblyLoadContext assemblyLoadContext, RuntimeAssembly requestingAssembly, Boolean throwOnFileNotFound)
   at System.Reflection.Assembly.Load(AssemblyName assemblyRef)
   at Microsoft.VisualStudio.TestPlatform.Common.Utilities.FakesUtilities.LoadTestPlatformAssembly() in /_/src/Microsoft.TestPlatform.Common/Utilities/FakesUtilities.cs:line 272
TpTrace Verbose: 0 : 17836, 1, 2024/10/24, 18:38:42.686, 2487690324669, vstest.console.dll, TestPluginCache.DiscoverTestExtensions: finding test extensions in assemblies ends with: TestLogger.dll TPluginInfo: Microsoft.VisualStudio.TestPlatform.Common.ExtensionFramework.Utilities.TestLoggerPluginInformation TExtension: Microsoft.VisualStudio.TestPlatform.ObjectModel.Client.ITestLogger
TpTrace Verbose: 0 : 17836, 1, 2024/10/24, 18:38:42.686, 2487690327250, vstest.console.dll, TestPluginCache.GetExtensionPaths: Filtered extension paths: 
TpTrace Verbose: 0 : 17836, 1, 2024/10/24, 18:38:42.687, 2487690327577, vstest.console.dll, TestPluginCache.GetExtensionPaths: Added default extension paths: C:\Program Files\dotnet\sdk\8.0.303\Extensions\Microsoft.Diagnostics.NETCore.Client.dll
C:\Program Files\dotnet\sdk\8.0.303\Extensions\Microsoft.TestPlatform.Extensions.BlameDataCollector.dll
C:\Program Files\dotnet\sdk\8.0.303\Extensions\Microsoft.TestPlatform.Extensions.EventLogCollector.dll
C:\Program Files\dotnet\sdk\8.0.303\Extensions\Microsoft.TestPlatform.TestHostRuntimeProvider.dll
C:\Program Files\dotnet\sdk\8.0.303\Extensions\Microsoft.VisualStudio.TestPlatform.Extensions.Html.TestLogger.dll
C:\Program Files\dotnet\sdk\8.0.303\Extensions\Microsoft.VisualStudio.TestPlatform.Extensions.Trx.TestLogger.dll
TpTrace Verbose: 0 : 17836, 1, 2024/10/24, 18:38:42.687, 2487690327976, vstest.console.dll, TestPluginCache.GetExtensionPaths: Added unfilterableExtensionPaths: 
TpTrace Information: 0 : 17836, 1, 2024/10/24, 18:38:42.687, 2487690330271, vstest.console.dll, AssemblyResolver.AddSearchDirectories: Adding more searchDirectories C:\Program Files\dotnet\sdk\8.0.303\Extensions,C:\Program Files\dotnet\sdk\8.0.303
TpTrace Verbose: 0 : 17836, 1, 2024/10/24, 18:38:42.687, 2487690330677, vstest.console.dll, TestPluginCache.DiscoverTestExtensions: Discovering the extensions using extension path.
TpTrace Verbose: 0 : 17836, 1, 2024/10/24, 18:38:42.687, 2487690330929, vstest.console.dll, TestPluginCache.GetExtensionPaths: Filtered extension paths: 
TpTrace Verbose: 0 : 17836, 1, 2024/10/24, 18:38:42.687, 2487690331580, vstest.console.dll, TestPluginCache.GetExtensionPaths: Added default extension paths: C:\Program Files\dotnet\sdk\8.0.303\Extensions\Microsoft.Diagnostics.NETCore.Client.dll
C:\Program Files\dotnet\sdk\8.0.303\Extensions\Microsoft.TestPlatform.Extensions.BlameDataCollector.dll
C:\Program Files\dotnet\sdk\8.0.303\Extensions\Microsoft.TestPlatform.Extensions.EventLogCollector.dll
C:\Program Files\dotnet\sdk\8.0.303\Extensions\Microsoft.TestPlatform.TestHostRuntimeProvider.dll
C:\Program Files\dotnet\sdk\8.0.303\Extensions\Microsoft.VisualStudio.TestPlatform.Extensions.Html.TestLogger.dll
C:\Program Files\dotnet\sdk\8.0.303\Extensions\Microsoft.VisualStudio.TestPlatform.Extensions.Trx.TestLogger.dll
TpTrace Verbose: 0 : 17836, 1, 2024/10/24, 18:38:42.687, 2487690331812, vstest.console.dll, TestPluginCache.GetExtensionPaths: Added unfilterableExtensionPaths: 
TpTrace Verbose: 0 : 17836, 1, 2024/10/24, 18:38:42.687, 2487690332089, vstest.console.dll, TestPluginCache.DiscoverTestExtensions: Discovering the extensions using allExtensionPaths: C:\Program Files\dotnet\sdk\8.0.303\Extensions\Microsoft.Diagnostics.NETCore.Client.dll
C:\Program Files\dotnet\sdk\8.0.303\Extensions\Microsoft.TestPlatform.Extensions.BlameDataCollector.dll
C:\Program Files\dotnet\sdk\8.0.303\Extensions\Microsoft.TestPlatform.Extensions.EventLogCollector.dll
C:\Program Files\dotnet\sdk\8.0.303\Extensions\Microsoft.TestPlatform.TestHostRuntimeProvider.dll
C:\Program Files\dotnet\sdk\8.0.303\Extensions\Microsoft.VisualStudio.TestPlatform.Extensions.Html.TestLogger.dll
C:\Program Files\dotnet\sdk\8.0.303\Extensions\Microsoft.VisualStudio.TestPlatform.Extensions.Trx.TestLogger.dll
TpTrace Information: 0 : 17836, 1, 2024/10/24, 18:38:42.687, 2487690332519, vstest.console.dll, AssemblyResolver.AddSearchDirectories: Adding more searchDirectories C:\Program Files\dotnet\sdk\8.0.303\Extensions,C:\Program Files\dotnet\sdk\8.0.303
TpTrace Information: 0 : 17836, 1, 2024/10/24, 18:38:42.687, 2487690332971, vstest.console.dll, AssemblyResolver.AddSearchDirectories: Adding more searchDirectories C:\Program Files\dotnet\sdk\8.0.303\Extensions,C:\Program Files\dotnet\sdk\8.0.303
TpTrace Information: 0 : 17836, 1, 2024/10/24, 18:38:42.687, 2487690333196, vstest.console.dll, AssemblyResolver.AddSearchDirectories: Adding more searchDirectories C:\Program Files\dotnet\sdk\8.0.303\Extensions,C:\Program Files\dotnet\sdk\8.0.303
TpTrace Information: 0 : 17836, 1, 2024/10/24, 18:38:42.687, 2487690333468, vstest.console.dll, AssemblyResolver.AddSearchDirectories: Adding more searchDirectories C:\Program Files\dotnet\sdk\8.0.303\Extensions,C:\Program Files\dotnet\sdk\8.0.303
TpTrace Information: 0 : 17836, 1, 2024/10/24, 18:38:42.687, 2487690333681, vstest.console.dll, AssemblyResolver.AddSearchDirectories: Adding more searchDirectories C:\Program Files\dotnet\sdk\8.0.303\Extensions,C:\Program Files\dotnet\sdk\8.0.303
TpTrace Information: 0 : 17836, 1, 2024/10/24, 18:38:42.687, 2487690333916, vstest.console.dll, AssemblyResolver.AddSearchDirectories: Adding more searchDirectories C:\Program Files\dotnet\sdk\8.0.303\Extensions,C:\Program Files\dotnet\sdk\8.0.303
TpTrace Verbose: 0 : 17836, 1, 2024/10/24, 18:38:42.687, 2487690334851, vstest.console.dll, MetadataReaderExtensionsHelper: Discovering extensions inside assembly 'Microsoft.Diagnostics.NETCore.Client, Version=0.2.10.15101, Culture=neutral, PublicKeyToken=31bf3856ad364e35' file path 'C:\Program Files\dotnet\sdk\8.0.303\Extensions\Microsoft.Diagnostics.NETCore.Client.dll'
TpTrace Information: 0 : 17836, 1, 2024/10/24, 18:38:42.689, 2487690351692, vstest.console.dll, AssemblyResolver.OnResolve: Microsoft.Bcl.AsyncInterfaces: Resolving assembly.
TpTrace Information: 0 : 17836, 1, 2024/10/24, 18:38:42.689, 2487690352611, vstest.console.dll, AssemblyResolver.OnResolve: Microsoft.Bcl.AsyncInterfaces: Resolved from cache.
TpTrace Verbose: 0 : 17836, 1, 2024/10/24, 18:38:42.689, 2487690352982, vstest.console.dll, CurrentDomainAssemblyResolve: Resolving assembly 'Microsoft.Bcl.AsyncInterfaces'.
TpTrace Information: 0 : 17836, 1, 2024/10/24, 18:38:42.689, 2487690353489, vstest.console.dll, AssemblyResolver.OnResolve: Microsoft.Bcl.AsyncInterfaces: Resolving assembly.
TpTrace Information: 0 : 17836, 1, 2024/10/24, 18:38:42.689, 2487690353763, vstest.console.dll, AssemblyResolver.OnResolve: Microsoft.Bcl.AsyncInterfaces: Resolved from cache.
TpTrace Verbose: 0 : 17836, 1, 2024/10/24, 18:38:42.689, 2487690354106, vstest.console.dll, CurrentDomainAssemblyResolve: Resolving assembly 'Microsoft.Bcl.AsyncInterfaces'.
TpTrace Verbose: 0 : 17836, 1, 2024/10/24, 18:38:42.689, 2487690354658, vstest.console.dll, CurrentDomainAssemblyResolve: Failed to resolve assembly 'Microsoft.Bcl.AsyncInterfaces'.
TpTrace Verbose: 0 : 17836, 1, 2024/10/24, 18:38:42.689, 2487690356460, vstest.console.dll, CurrentDomainAssemblyResolve: Failed to resolve assembly 'Microsoft.Bcl.AsyncInterfaces'.
TpTrace Warning: 0 : 17836, 1, 2024/10/24, 18:38:42.690, 2487690359385, vstest.console.dll, TestPluginDiscoverer: Failed to get types from assembly 'Microsoft.Diagnostics.NETCore.Client, Version=0.2.10.15101, Culture=neutral, PublicKeyToken=31bf3856ad364e35'. Error: System.Reflection.ReflectionTypeLoadException: Unable to load one or more of the requested types.
Could not load file or assembly 'Microsoft.Bcl.AsyncInterfaces, Version=6.0.0.0, Culture=neutral, PublicKeyToken=cc7b13ffcd2ddd51'. The system cannot find the file specified.
   at System.Reflection.RuntimeModule.GetTypes(RuntimeModule module)
   at System.Reflection.RuntimeModule.GetTypes()
   at Microsoft.VisualStudio.TestPlatform.Common.ExtensionFramework.TestPluginDiscoverer.GetTestExtensionsFromAssembly[TPluginInfo,TExtension](Assembly assembly, Dictionary`2 pluginInfos, String filePath) in /_/src/Microsoft.TestPlatform.Common/ExtensionFramework/TestPluginDiscoverer.cs:line 158
System.IO.FileNotFoundException: Could not load file or assembly 'Microsoft.Bcl.AsyncInterfaces, Version=6.0.0.0, Culture=neutral, PublicKeyToken=cc7b13ffcd2ddd51'. The system cannot find the file specified.
File name: 'Microsoft.Bcl.AsyncInterfaces, Version=6.0.0.0, Culture=neutral, PublicKeyToken=cc7b13ffcd2ddd51'
 ---> System.IO.FileNotFoundException: Could not load file or assembly 'Microsoft.Bcl.AsyncInterfaces, Culture=neutral, PublicKeyToken=null'. The system cannot find the file specified.
File name: 'Microsoft.Bcl.AsyncInterfaces, Culture=neutral, PublicKeyToken=null'
   at System.Reflection.RuntimeAssembly.InternalLoad(AssemblyName assemblyName, StackCrawlMark& stackMark, AssemblyLoadContext assemblyLoadContext, RuntimeAssembly requestingAssembly, Boolean throwOnFileNotFound)
   at System.Reflection.Assembly.Load(AssemblyName assemblyRef)
   at Microsoft.VisualStudio.TestPlatform.Common.ExtensionFramework.TestPluginCache.CurrentDomainAssemblyResolve(Object sender, AssemblyResolveEventArgs args) in /_/src/Microsoft.TestPlatform.Common/ExtensionFramework/TestPluginCache.cs:line 513
   at System.Runtime.Loader.AssemblyLoadContext.GetFirstResolvedAssemblyFromResolvingEvent(AssemblyName assemblyName)
   at System.Runtime.Loader.AssemblyLoadContext.ResolveUsingEvent(AssemblyName assemblyName)
   at System.Runtime.Loader.AssemblyLoadContext.ResolveUsingResolvingEvent(IntPtr gchManagedAssemblyLoadContext, AssemblyName assemblyName)
TpTrace Warning: 0 : 17836, 1, 2024/10/24, 18:38:42.690, 2487690360974, vstest.console.dll, LoaderExceptions: System.IO.FileNotFoundException: Could not load file or assembly 'Microsoft.Bcl.AsyncInterfaces, Version=6.0.0.0, Culture=neutral, PublicKeyToken=cc7b13ffcd2ddd51'. The system cannot find the file specified.
File name: 'Microsoft.Bcl.AsyncInterfaces, Version=6.0.0.0, Culture=neutral, PublicKeyToken=cc7b13ffcd2ddd51'
 ---> System.IO.FileNotFoundException: Could not load file or assembly 'Microsoft.Bcl.AsyncInterfaces, Culture=neutral, PublicKeyToken=null'. The system cannot find the file specified.
File name: 'Microsoft.Bcl.AsyncInterfaces, Culture=neutral, PublicKeyToken=null'
   at System.Reflection.RuntimeAssembly.InternalLoad(AssemblyName assemblyName, StackCrawlMark& stackMark, AssemblyLoadContext assemblyLoadContext, RuntimeAssembly requestingAssembly, Boolean throwOnFileNotFound)
   at System.Reflection.Assembly.Load(AssemblyName assemblyRef)
   at Microsoft.VisualStudio.TestPlatform.Common.ExtensionFramework.TestPluginCache.CurrentDomainAssemblyResolve(Object sender, AssemblyResolveEventArgs args) in /_/src/Microsoft.TestPlatform.Common/ExtensionFramework/TestPluginCache.cs:line 513
   at System.Runtime.Loader.AssemblyLoadContext.GetFirstResolvedAssemblyFromResolvingEvent(AssemblyName assemblyName)
   at System.Runtime.Loader.AssemblyLoadContext.ResolveUsingEvent(AssemblyName assemblyName)
   at System.Runtime.Loader.AssemblyLoadContext.ResolveUsingResolvingEvent(IntPtr gchManagedAssemblyLoadContext, AssemblyName assemblyName)
TpTrace Verbose: 0 : 17836, 1, 2024/10/24, 18:38:42.690, 2487690361730, vstest.console.dll, MetadataReaderExtensionsHelper: Discovering extensions inside assembly 'Microsoft.TestPlatform.Extensions.BlameDataCollector, Version=15.0.0.0, Culture=neutral, PublicKeyToken=b03f5f7f11d50a3a' file path 'C:\Program Files\dotnet\sdk\8.0.303\Extensions\Microsoft.TestPlatform.Extensions.BlameDataCollector.dll'
TpTrace Information: 0 : 17836, 1, 2024/10/24, 18:38:42.691, 2487690372817, vstest.console.dll, GetTestExtensionFromType: Register extension with identifier data 'logger://Microsoft/TestPlatform/Extensions/Blame/v1' and type 'Microsoft.TestPlatform.Extensions.BlameDataCollector.BlameLogger, Microsoft.TestPlatform.Extensions.BlameDataCollector, Version=15.0.0.0, Culture=neutral, PublicKeyToken=b03f5f7f11d50a3a' inside file 'C:\Program Files\dotnet\sdk\8.0.303\Extensions\Microsoft.TestPlatform.Extensions.BlameDataCollector.dll'
TpTrace Verbose: 0 : 17836, 1, 2024/10/24, 18:38:42.691, 2487690374101, vstest.console.dll, MetadataReaderExtensionsHelper: Discovering extensions inside assembly 'Microsoft.TestPlatform.Extensions.EventLogCollector, Version=15.0.0.0, Culture=neutral, PublicKeyToken=b03f5f7f11d50a3a' file path 'C:\Program Files\dotnet\sdk\8.0.303\Extensions\Microsoft.TestPlatform.Extensions.EventLogCollector.dll'
TpTrace Verbose: 0 : 17836, 1, 2024/10/24, 18:38:42.692, 2487690381177, vstest.console.dll, MetadataReaderExtensionsHelper: Discovering extensions inside assembly 'Microsoft.TestPlatform.TestHostRuntimeProvider, Version=15.0.0.0, Culture=neutral, PublicKeyToken=b03f5f7f11d50a3a' file path 'C:\Program Files\dotnet\sdk\8.0.303\Extensions\Microsoft.TestPlatform.TestHostRuntimeProvider.dll'
TpTrace Verbose: 0 : 17836, 1, 2024/10/24, 18:38:42.692, 2487690386645, vstest.console.dll, MetadataReaderExtensionsHelper: Discovering extensions inside assembly 'Microsoft.VisualStudio.TestPlatform.Extensions.Html.TestLogger, Version=15.0.0.0, Culture=neutral, PublicKeyToken=b03f5f7f11d50a3a' file path 'C:\Program Files\dotnet\sdk\8.0.303\Extensions\Microsoft.VisualStudio.TestPlatform.Extensions.Html.TestLogger.dll'
TpTrace Information: 0 : 17836, 1, 2024/10/24, 18:38:42.693, 2487690395304, vstest.console.dll, GetTestExtensionFromType: Register extension with identifier data 'logger://Microsoft/TestPlatform/HtmlLogger/v1' and type 'Microsoft.VisualStudio.TestPlatform.Extensions.HtmlLogger.HtmlLogger, Microsoft.VisualStudio.TestPlatform.Extensions.Html.TestLogger, Version=15.0.0.0, Culture=neutral, PublicKeyToken=b03f5f7f11d50a3a' inside file 'C:\Program Files\dotnet\sdk\8.0.303\Extensions\Microsoft.VisualStudio.TestPlatform.Extensions.Html.TestLogger.dll'
TpTrace Verbose: 0 : 17836, 1, 2024/10/24, 18:38:42.693, 2487690396006, vstest.console.dll, MetadataReaderExtensionsHelper: Discovering extensions inside assembly 'Microsoft.VisualStudio.TestPlatform.Extensions.Trx.TestLogger, Version=15.0.0.0, Culture=neutral, PublicKeyToken=b03f5f7f11d50a3a' file path 'C:\Program Files\dotnet\sdk\8.0.303\Extensions\Microsoft.VisualStudio.TestPlatform.Extensions.Trx.TestLogger.dll'
TpTrace Information: 0 : 17836, 1, 2024/10/24, 18:38:42.694, 2487690401204, vstest.console.dll, GetTestExtensionFromType: Register extension with identifier data 'logger://Microsoft/TestPlatform/TrxLogger/v1' and type 'Microsoft.VisualStudio.TestPlatform.Extensions.TrxLogger.TrxLogger, Microsoft.VisualStudio.TestPlatform.Extensions.Trx.TestLogger, Version=15.0.0.0, Culture=neutral, PublicKeyToken=b03f5f7f11d50a3a' inside file 'C:\Program Files\dotnet\sdk\8.0.303\Extensions\Microsoft.VisualStudio.TestPlatform.Extensions.Trx.TestLogger.dll'
TpTrace Verbose: 0 : 17836, 1, 2024/10/24, 18:38:42.694, 2487690401853, vstest.console.dll, TestPluginCache: Discovered the extensions using extension path ''.
TpTrace Verbose: 0 : 17836, 1, 2024/10/24, 18:38:42.694, 2487690402060, vstest.console.dll, TestPluginCache: Discoverers are ''.
TpTrace Verbose: 0 : 17836, 1, 2024/10/24, 18:38:42.694, 2487690402224, vstest.console.dll, TestPluginCache: Executors are ''.
TpTrace Verbose: 0 : 17836, 1, 2024/10/24, 18:38:42.694, 2487690402404, vstest.console.dll, TestPluginCache: Executors2 are ''.
TpTrace Verbose: 0 : 17836, 1, 2024/10/24, 18:38:42.694, 2487690402559, vstest.console.dll, TestPluginCache: Setting providers are ''.
TpTrace Verbose: 0 : 17836, 1, 2024/10/24, 18:38:42.694, 2487690403267, vstest.console.dll, TestPluginCache: Loggers are 'logger://Microsoft/TestPlatform/Extensions/Blame/v1,logger://Microsoft/TestPlatform/HtmlLogger/v1,logger://Microsoft/TestPlatform/TrxLogger/v1'.
TpTrace Verbose: 0 : 17836, 1, 2024/10/24, 18:38:42.694, 2487690403634, vstest.console.dll, TestPluginCache: TestHosts are 'HostProvider://DefaultTestHost,HostProvider://DotnetTestHost'.
TpTrace Verbose: 0 : 17836, 1, 2024/10/24, 18:38:42.694, 2487690403817, vstest.console.dll, TestPluginCache: DataCollectors are ''.
TpTrace Information: 0 : 17836, 1, 2024/10/24, 18:38:42.695, 2487690414734, vstest.console.dll, TestPluginManager.CreateTestExtension: Attempting to load test extension: Microsoft.TestPlatform.Extensions.BlameDataCollector.BlameLogger
TpTrace Verbose: 0 : 17836, 1, 2024/10/24, 18:38:42.705, 2487690513099, vstest.console.dll, TestEngine: Initializing Parallel Execution as MaxCpuCount is set to: 1
TpTrace Information: 0 : 17836, 1, 2024/10/24, 18:38:42.707, 2487690530386, vstest.console.dll, TestPluginManager.CreateTestExtension: Attempting to load test extension: Microsoft.VisualStudio.TestPlatform.CrossPlatEngine.Hosting.DefaultTestHostManager
TpTrace Information: 0 : 17836, 1, 2024/10/24, 18:38:42.708, 2487690537780, vstest.console.dll, TestPluginManager.CreateTestExtension: Attempting to load test extension: Microsoft.VisualStudio.TestPlatform.CrossPlatEngine.Hosting.DotnetTestHostManager
TpTrace Information: 0 : 17836, 1, 2024/10/24, 18:38:42.708, 2487690542472, vstest.console.dll, InferRunSettingsHelper.IsTestSettingsEnabled: Unable to navigate to RunSettings/MSTest. Current node: RunSettings
TpTrace Verbose: 0 : 17836, 1, 2024/10/24, 18:38:42.709, 2487690548730, vstest.console.dll, ParallelOperationManager.ClearSlots: Clearing all slots. Slots should accept more work: True
TpTrace Verbose: 0 : 17836, 1, 2024/10/24, 18:38:42.709, 2487690557535, vstest.console.dll, ParallelOperationManager.SetOccupiedSlotCount: Setting slot counts AvailableSlotCount = 1, OccupiedSlotCount = 0.
TpTrace Verbose: 0 : 17836, 1, 2024/10/24, 18:38:42.710, 2487690560142, vstest.console.dll, Occupied slots:

TpTrace Verbose: 0 : 17836, 1, 2024/10/24, 18:38:42.713, 2487690591948, vstest.console.dll, TestEngine.GetExecutionManager: Chosen execution manager 'Microsoft.VisualStudio.TestPlatform.CrossPlatEngine.Client.Parallel.ParallelProxyExecutionManager, Microsoft.TestPlatform.CrossPlatEngine, Version=15.0.0.0, Culture=neutral, PublicKeyToken=b03f5f7f11d50a3a' ParallelLevel '1'.
TpTrace Verbose: 0 : 17836, 1, 2024/10/24, 18:38:42.713, 2487690593220, vstest.console.dll, TestRunRequest.ExecuteAsync: Creating test run request.
TpTrace Verbose: 0 : 17836, 1, 2024/10/24, 18:38:42.713, 2487690595197, vstest.console.dll, TestRunRequest.ExecuteAsync: Starting.
TpTrace Information: 0 : 17836, 1, 2024/10/24, 18:38:42.714, 2487690605723, vstest.console.dll, TestRunRequest.ExecuteAsync: Starting run with settings:TestRunCriteria:
   KeepAlive=False,FrequencyOfRunStatsChangeEvent=10,RunStatsChangeEventTimeout=00:00:01.5000000,TestCaseFilter=,TestExecutorLauncher=
   Settingsxml=<RunSettings>
  <RunConfiguration>
    <ResultsDirectory>C:\Users\ARNAV\Desktop\Software Engineering\Lab Project\Demos\Development\FA1\SECloudTest\bin\Debug\net8.0\fine-code-coverage\coverage-tool-output</ResultsDirectory>
    <TargetPlatform>X64</TargetPlatform>
    <TargetFrameworkVersion>.NETCoreApp,Version=v8.0</TargetFrameworkVersion>
    <DesignMode>False</DesignMode>
    <CollectSourceInformation>False</CollectSourceInformation>
  </RunConfiguration>
  <LoggerRunSettings>
    <Loggers>
      <Logger friendlyName="blame" enabled="True" />
      <Logger friendlyName="Console" uri="logger://microsoft/TestPlatform/ConsoleLogger/v1" assemblyQualifiedName="Microsoft.VisualStudio.TestPlatform.CommandLine.Internal.ConsoleLogger, vstest.console, Version=15.0.0.0, Culture=neutral, PublicKeyToken=b03f5f7f11d50a3a" codeBase="C:\Program Files\dotnet\sdk\8.0.303\vstest.console.dll" enabled="True" />
    </Loggers>
  </LoggerRunSettings>
  <DataCollectionRunSettings>
    <DataCollectors>
      <DataCollector friendlyName="blame" enabled="True">
        <Configuration>
          <ResultsDirectory>C:\Users\ARNAV\Desktop\Software Engineering\Lab Project\Demos\Development\FA1\SECloudTest\bin\Debug\net8.0\fine-code-coverage\coverage-tool-output</ResultsDirectory>
        </Configuration>
      </DataCollector>
    </DataCollectors>
  </DataCollectionRunSettings>
</RunSettings>

TpTrace Verbose: 0 : 17836, 1, 2024/10/24, 18:38:42.714, 2487690606261, vstest.console.dll, TestRunRequest.ExecuteAsync: Wait for the first run request is over.
TpTrace Verbose: 0 : 17836, 1, 2024/10/24, 18:38:42.715, 2487690608855, vstest.console.dll, MulticastDelegateUtilities.SafeInvoke: TestRun.TestRunStart: Invoking callbacks was skipped because there are no subscribers.
TpTrace Verbose: 0 : 17836, 4, 2024/10/24, 18:38:42.715, 2487690610710, vstest.console.dll, MulticastDelegateUtilities.SafeInvoke: InternalTestLoggerEvents.SendTestRunStart: Invoking callback 1/1 for Microsoft.VisualStudio.TestPlatform.CommandLine.Internal.ConsoleLogger., took 0 ms.
TpTrace Verbose: 0 : 17836, 1, 2024/10/24, 18:38:42.716, 2487690618151, vstest.console.dll, ParallelProxyExecutionManager: Start execution. Total sources: 1
TpTrace Verbose: 0 : 17836, 1, 2024/10/24, 18:38:42.716, 2487690621279, vstest.console.dll, ParallelOperationManager.StartWork: Starting adding 1 workloads.
TpTrace Verbose: 0 : 17836, 1, 2024/10/24, 18:38:42.716, 2487690621863, vstest.console.dll, ParallelOperationManager.ClearSlots: Clearing all slots. Slots should accept more work: True
TpTrace Verbose: 0 : 17836, 1, 2024/10/24, 18:38:42.716, 2487690622461, vstest.console.dll, ParallelOperationManager.SetOccupiedSlotCount: Setting slot counts AvailableSlotCount = 1, OccupiedSlotCount = 0.
TpTrace Verbose: 0 : 17836, 1, 2024/10/24, 18:38:42.716, 2487690622835, vstest.console.dll, Occupied slots:

TpTrace Verbose: 0 : 17836, 1, 2024/10/24, 18:38:42.717, 2487690635134, vstest.console.dll, TestRequestSender is acting as server.
TpTrace Verbose: 0 : 17836, 1, 2024/10/24, 18:38:42.719, 2487690649219, vstest.console.dll, ParallelOperationManager.RunWorkInParallel: Adding 1 workload to slot, remaining workloads 0.
TpTrace Verbose: 0 : 17836, 1, 2024/10/24, 18:38:42.719, 2487690649827, vstest.console.dll, ParallelOperationManager.SetOccupiedSlotCount: Setting slot counts AvailableSlotCount = 0, OccupiedSlotCount = 1.
TpTrace Verbose: 0 : 17836, 1, 2024/10/24, 18:38:42.719, 2487690650995, vstest.console.dll, Occupied slots:
0: C:\Users\ARNAV\Desktop\Software Engineering\Lab Project\Demos\Development\FA1\SECloudTest\bin\Debug\net8.0\fine-code-coverage\build-output\SECloudTest.dll
TpTrace Verbose: 0 : 17836, 1, 2024/10/24, 18:38:42.720, 2487690660320, vstest.console.dll, ParallelOperationManager.RunWorkInParallel: Started host in slot number 0 for work (source): C:\Users\ARNAV\Desktop\Software Engineering\Lab Project\Demos\Development\FA1\SECloudTest\bin\Debug\net8.0\fine-code-coverage\build-output\SECloudTest.dll.
TpTrace Verbose: 0 : 17836, 1, 2024/10/24, 18:38:42.720, 2487690667061, vstest.console.dll, ParallelOperationManager.RunWorkInParallel: We started 1 work items, which is the max parallel level. Won't start more work.
TpTrace Verbose: 0 : 17836, 1, 2024/10/24, 18:38:42.720, 2487690667488, vstest.console.dll, ParallelOperationManager.RunWorkInParallel: We started 1 work items in here, returning True.
TpTrace Information: 0 : 17836, 1, 2024/10/24, 18:38:42.721, 2487690667718, vstest.console.dll, TestRunRequest.ExecuteAsync: Started.
TpTrace Verbose: 0 : 17836, 1, 2024/10/24, 18:38:42.721, 2487690674230, vstest.console.dll, TestRunRequest.WaitForCompletion: Waiting with timeout -1.
TpTrace Verbose: 0 : 17836, 5, 2024/10/24, 18:38:42.721, 2487690674319, vstest.console.dll, ParallelProxyExecutionManager.StartTestRunOnConcurrentManager: Initializing uninitialized client. Started clients: 0
TpTrace Verbose: 0 : 17836, 5, 2024/10/24, 18:38:42.721, 2487690677172, vstest.console.dll, DataCollectionRequestSender.InitializeCommunication : Initialize communication. 
TpTrace Information: 0 : 17836, 5, 2024/10/24, 18:38:42.729, 2487690754703, vstest.console.dll, Listening on Endpoint : 127.0.0.1:63039
TpTrace Verbose: 0 : 17836, 5, 2024/10/24, 18:38:42.736, 2487690825551, vstest.console.dll, DotnetDataCollectionLauncher: Adding  --runtimeconfig "C:\Program Files\dotnet\sdk\8.0.303\datacollector.runtimeconfig.json" in args
TpTrace Verbose: 0 : 17836, 5, 2024/10/24, 18:38:42.736, 2487690826966, vstest.console.dll, DotnetDataCollectionLauncher: Adding  --depsfile "C:\Program Files\dotnet\sdk\8.0.303\datacollector.deps.json" in args
TpTrace Verbose: 0 : 17836, 5, 2024/10/24, 18:38:42.737, 2487690828359, vstest.console.dll, DotnetDataCollectionLauncher: Full path of dotnet.exe is C:\Program Files\dotnet\dotnet.exe
TpTrace Information: 0 : 17836, 5, 2024/10/24, 18:38:42.752, 2487690984071, vstest.console.dll, ProxyDataCollectionManager.Initialize: Launched datacollector processId: 22008 port: 63039
TpTrace Information: 0 : 17836, 5, 2024/10/24, 18:38:42.752, 2487690986218, vstest.console.dll, ProxyDataCollectionManager.Initialize: waiting for connection with timeout: 90 seconds
TpTrace Verbose: 0 : 17836, 5, 2024/10/24, 18:38:42.752, 2487690986750, vstest.console.dll, DataCollectionRequestSender.WaitForRequestHandlerConnection : Waiting for connection with timeout: 90000
TpTrace Information: 0 : 17836, 7, 2024/10/24, 18:38:42.901, 2487692473042, vstest.console.dll, Using the buffer size of 16384 bytes
TpTrace Verbose: 0 : 17836, 5, 2024/10/24, 18:38:42.901, 2487692473191, vstest.console.dll, SocketCommunicationManager.WaitForClientConnection took: 148 ms, with 90000 ms timeout, and finished with True.
TpTrace Information: 0 : 17836, 7, 2024/10/24, 18:38:42.901, 2487692474137, vstest.console.dll, Accepted Client request and set the flag
TpTrace Verbose: 0 : 17836, 5, 2024/10/24, 18:38:42.901, 2487692476207, vstest.console.dll, ProxyDataCollectionManager.InvokeDataCollectionServiceAction: Starting.
TpTrace Information: 0 : 17836, 5, 2024/10/24, 18:38:42.901, 2487692477090, vstest.console.dll, ProxyDataCollectionManager.BeforeTestRunStart: Get environment variable and port for datacollector processId: 22008 port: 63039
TpTrace Verbose: 0 : 17836, 5, 2024/10/24, 18:38:42.902, 2487692478654, vstest.console.dll, DataCollectionRequestSender.SendBeforeTestRunStartAndGetResult: Send BeforeTestRunStart message with settingsXml <RunSettings><RunConfiguration><ResultsDirectory>C:\Users\ARNAV\Desktop\Software Engineering\Lab Project\Demos\Development\FA1\SECloudTest\bin\Debug\net8.0\fine-code-coverage\coverage-tool-output</ResultsDirectory><TargetPlatform>X64</TargetPlatform><TargetFrameworkVersion>.NETCoreApp,Version=v8.0</TargetFrameworkVersion><DesignMode>False</DesignMode><CollectSourceInformation>False</CollectSourceInformation><TestAdaptersPaths>C:\Program Files\dotnet\sdk\8.0.303\Extensions</TestAdaptersPaths></RunConfiguration><LoggerRunSettings><Loggers><Logger friendlyName="blame" enabled="True" /><Logger friendlyName="Console" uri="logger://microsoft/TestPlatform/ConsoleLogger/v1" assemblyQualifiedName="Microsoft.VisualStudio.TestPlatform.CommandLine.Internal.ConsoleLogger, vstest.console, Version=15.0.0.0, Culture=neutral, PublicKeyToken=b03f5f7f11d50a3a" codeBase="C:\Program Files\dotnet\sdk\8.0.303\vstest.console.dll" enabled="True" /></Loggers></LoggerRunSettings><DataCollectionRunSettings><DataCollectors><DataCollector friendlyName="blame" enabled="True"><Configuration><ResultsDirectory>C:\Users\ARNAV\Desktop\Software Engineering\Lab Project\Demos\Development\FA1\SECloudTest\bin\Debug\net8.0\fine-code-coverage\coverage-tool-output</ResultsDirectory></Configuration></DataCollector></DataCollectors></DataCollectionRunSettings></RunSettings> and sources System.Collections.Generic.List`1[System.String]: 
TpTrace Verbose: 0 : 17836, 5, 2024/10/24, 18:38:42.965, 2487693108590, vstest.console.dll, DataCollectionRequestSender.SendBeforeTestRunStartAndGetResult: Received message: (DataCollection.SendMessage) -> {"MessageType":"DataCollection.SendMessage","Payload":{"FriendlyName":null,"Uri":null,"TestCaseId":"00000000-0000-0000-0000-000000000000","Message":"Logging DataCollector Diagnostics in file: C:\\Users\\ARNAV\\Desktop\\Software Engineering\\Lab Project\\Demos\\Development\\FA1\\SECloudTest\\bin\\Debug\\net8.0\\fine-code-coverage\\coverage-tool-output\\diagnostics.datacollector.24-10-24_18-38-42_73652_5.log","Level":0}}
TpTrace Verbose: 0 : 17836, 5, 2024/10/24, 18:38:43.058, 2487694046554, vstest.console.dll, DataCollectionRequestSender.SendBeforeTestRunStartAndGetResult: Received message: (DataCollection.BeforeTestRunStartResult) -> {"MessageType":"DataCollection.BeforeTestRunStartResult","Payload":{"EnvironmentVariables":{},"DataCollectionEventsPort":63041}}
TpTrace Information: 0 : 17836, 5, 2024/10/24, 18:38:43.064, 2487694098765, vstest.console.dll, ProxyDataCollectionManager.BeforeTestRunStart: SendBeforeTestRunStartAndGetResult successful, env variable from datacollector:   and testhost port: 63041
TpTrace Information: 0 : 17836, 5, 2024/10/24, 18:38:43.064, 2487694099913, vstest.console.dll, ProxyDataCollectionManager.InvokeDataCollectionServiceAction: Completed.
TpTrace Verbose: 0 : 17836, 5, 2024/10/24, 18:38:43.064, 2487694100224, vstest.console.dll, ParallelProxyExecutionManager.StartTestRunOnConcurrentManager: Initializing test run. Started clients: 0
TpTrace Verbose: 0 : 17836, 5, 2024/10/24, 18:38:43.064, 2487694101807, vstest.console.dll, ProxyExecutionManager: Test host is always Lazy initialize.
TpTrace Verbose: 0 : 17836, 5, 2024/10/24, 18:38:43.064, 2487694103494, vstest.console.dll, TestRequestSender.InitializeCommunication: initialize communication. 
TpTrace Information: 0 : 17836, 5, 2024/10/24, 18:38:43.065, 2487694107784, vstest.console.dll, SocketServer.Start: Listening on endpoint : 127.0.0.1:63042
TpTrace Verbose: 0 : 17836, 5, 2024/10/24, 18:38:43.065, 2487694114627, vstest.console.dll, DotnetTestHostmanager.GetTestHostProcessStartInfo: Platform environment 'X64' target architecture 'X64' framework '.NETCoreApp,Version=v8.0' OS 'Windows'
TpTrace Verbose: 0 : 17836, 5, 2024/10/24, 18:38:43.066, 2487694117760, vstest.console.dll, DotnetTestHostmanager: Adding  --runtimeconfig "C:\Users\ARNAV\Desktop\Software Engineering\Lab Project\Demos\Development\FA1\SECloudTest\bin\Debug\net8.0\fine-code-coverage\build-output\SECloudTest.runtimeconfig.json" in args
TpTrace Verbose: 0 : 17836, 5, 2024/10/24, 18:38:43.070, 2487694164035, vstest.console.dll, DotnetTestHostmanager: Adding  --depsfile "C:\Users\ARNAV\Desktop\Software Engineering\Lab Project\Demos\Development\FA1\SECloudTest\bin\Debug\net8.0\fine-code-coverage\build-output\SECloudTest.deps.json" in args
TpTrace Verbose: 0 : 17836, 5, 2024/10/24, 18:38:43.071, 2487694170135, vstest.console.dll, DotnetTestHostmanager.IsWinOnArm: Current PROCESSOR_ARCHITECTURE from environment variable 'AMD64'
TpTrace Verbose: 0 : 17836, 5, 2024/10/24, 18:38:43.071, 2487694171120, vstest.console.dll, DotnetTestHostmanager.IsWinOnArm: Is Windows on ARM 'False'
TpTrace Verbose: 0 : 17836, 5, 2024/10/24, 18:38:43.071, 2487694172175, vstest.console.dll, DotnetTestHostManager: testhost.exe found at path: C:\Users\ARNAV\Desktop\Software Engineering\Lab Project\Demos\Development\FA1\SECloudTest\bin\Debug\net8.0\fine-code-coverage\build-output\testhost.exe
TpTrace Verbose: 0 : 17836, 5, 2024/10/24, 18:38:43.071, 2487694172541, vstest.console.dll, DotnetTestHostmanager: Full path of host exe is C:\Users\ARNAV\Desktop\Software Engineering\Lab Project\Demos\Development\FA1\SECloudTest\bin\Debug\net8.0\fine-code-coverage\build-output\testhost.exe
TpTrace Verbose: 0 : 17836, 5, 2024/10/24, 18:38:43.071, 2487694173913, vstest.console.dll, DotnetTestHostmanager.LaunchTestHostAsync: Found 'VSTEST_WINAPPHOST_DOTNET_ROOT' in env variables, value 'C:\Program Files\dotnet', forwarding to 'DOTNET_ROOT'
TpTrace Verbose: 0 : 17836, 5, 2024/10/24, 18:38:43.071, 2487694175172, vstest.console.dll, DotnetTestHostManager: Starting process 'C:\Users\ARNAV\Desktop\Software Engineering\Lab Project\Demos\Development\FA1\SECloudTest\bin\Debug\net8.0\fine-code-coverage\build-output\testhost.exe' with command line ' --runtimeconfig "C:\Users\ARNAV\Desktop\Software Engineering\Lab Project\Demos\Development\FA1\SECloudTest\bin\Debug\net8.0\fine-code-coverage\build-output\SECloudTest.runtimeconfig.json" --depsfile "C:\Users\ARNAV\Desktop\Software Engineering\Lab Project\Demos\Development\FA1\SECloudTest\bin\Debug\net8.0\fine-code-coverage\build-output\SECloudTest.deps.json" --port 63042 --endpoint 127.0.0.1:063042 --role client --parentprocessid 17836 --diag "C:\Users\ARNAV\Desktop\Software Engineering\Lab Project\Demos\Development\FA1\SECloudTest\bin\Debug\net8.0\fine-code-coverage\coverage-tool-output\diagnostics.host.24-10-24_18-38-43_06537_5.log" --tracelevel 4 --datacollectionport 63041 --telemetryoptedin false'
TpTrace Verbose: 0 : 17836, 5, 2024/10/24, 18:38:43.087, 2487694337017, vstest.console.dll, MulticastDelegateUtilities.SafeInvoke: HostProviderEvents.OnHostLaunched: Invoking callback 1/2 for Microsoft.VisualStudio.TestPlatform.CrossPlatEngine.Client.ProxyExecutionManagerWithDataCollection., took 1 ms.
TpTrace Verbose: 0 : 17836, 5, 2024/10/24, 18:38:43.088, 2487694340471, vstest.console.dll, Test Runtime launched
TpTrace Verbose: 0 : 17836, 5, 2024/10/24, 18:38:43.088, 2487694341320, vstest.console.dll, MulticastDelegateUtilities.SafeInvoke: HostProviderEvents.OnHostLaunched: Invoking callback 2/2 for Microsoft.VisualStudio.TestPlatform.CrossPlatEngine.Client.ProxyOperationManager., took 0 ms.
TpTrace Verbose: 0 : 17836, 5, 2024/10/24, 18:38:43.088, 2487694343333, vstest.console.dll, TestRequestSender.WaitForRequestHandlerConnection: waiting for connection with timeout: 90000.
TpTrace Verbose: 0 : 17836, 7, 2024/10/24, 18:38:43.254, 2487696000835, vstest.console.dll, MulticastDelegateUtilities.SafeInvoke: SocketServer: ClientConnected: Invoking callback 1/1 for Microsoft.VisualStudio.TestPlatform.CommunicationUtilities.TestRequestSender., took 0 ms.
TpTrace Verbose: 0 : 17836, 5, 2024/10/24, 18:38:43.254, 2487696001336, vstest.console.dll, TestRequestSender.WaitForRequestHandlerConnection: waiting took 165 ms, with timeout 90000 ms, and result 0, which is success.
TpTrace Verbose: 0 : 17836, 7, 2024/10/24, 18:38:43.254, 2487696003644, vstest.console.dll, SocketServer.OnClientConnected: Client connected for endPoint: 127.0.0.1:63042, starting MessageLoopAsync:
TpTrace Verbose: 0 : 17836, 13, 2024/10/24, 18:38:43.255, 2487696009755, vstest.console.dll, TcpClientExtensions.MessageLoopAsync: Polling on remoteEndPoint: 127.0.0.1:63043 localEndPoint: 127.0.0.1:63042 after 0 ms
TpTrace Verbose: 0 : 17836, 5, 2024/10/24, 18:38:43.255, 2487696012665, vstest.console.dll, TestRequestSender.CheckVersionWithTestHost: Sending check version message: {"MessageType":"ProtocolVersion","Payload":7}
TpTrace Verbose: 0 : 17836, 13, 2024/10/24, 18:38:43.348, 2487696947434, vstest.console.dll, TcpClientExtensions.MessageLoopAsync: NotifyDataAvailable remoteEndPoint: 127.0.0.1:63043 localEndPoint: 127.0.0.1:63042
TpTrace Verbose: 0 : 17836, 13, 2024/10/24, 18:38:43.349, 2487696950335, vstest.console.dll, TestRequestSender.CheckVersionWithTestHost: onMessageReceived received message: (ProtocolVersion) -> {"MessageType":"ProtocolVersion","Payload":7}
TpTrace Verbose: 0 : 17836, 13, 2024/10/24, 18:38:43.350, 2487696960128, vstest.console.dll, MulticastDelegateUtilities.SafeInvoke: LengthPrefixCommunicationChannel: MessageReceived: Invoking callback 1/1 for Microsoft.VisualStudio.TestPlatform.CommunicationUtilities.TestRequestSender+<>c__DisplayClass29_0., took 1 ms.
TpTrace Verbose: 0 : 17836, 13, 2024/10/24, 18:38:43.350, 2487696960957, vstest.console.dll, TcpClientExtensions.MessageLoopAsync: Polling on remoteEndPoint: 127.0.0.1:63043 localEndPoint: 127.0.0.1:63042 after 95 ms
TpTrace Verbose: 0 : 17836, 5, 2024/10/24, 18:38:43.350, 2487696961281, vstest.console.dll, TestPluginCache.GetExtensionPaths: Filtered extension paths: 
TpTrace Verbose: 0 : 17836, 5, 2024/10/24, 18:38:43.350, 2487696962196, vstest.console.dll, TestPluginCache.GetExtensionPaths: Added default extension paths: C:\Program Files\dotnet\sdk\8.0.303\Extensions\Microsoft.Diagnostics.NETCore.Client.dll
C:\Program Files\dotnet\sdk\8.0.303\Extensions\Microsoft.TestPlatform.Extensions.BlameDataCollector.dll
C:\Program Files\dotnet\sdk\8.0.303\Extensions\Microsoft.TestPlatform.Extensions.EventLogCollector.dll
C:\Program Files\dotnet\sdk\8.0.303\Extensions\Microsoft.TestPlatform.TestHostRuntimeProvider.dll
C:\Program Files\dotnet\sdk\8.0.303\Extensions\Microsoft.VisualStudio.TestPlatform.Extensions.Html.TestLogger.dll
C:\Program Files\dotnet\sdk\8.0.303\Extensions\Microsoft.VisualStudio.TestPlatform.Extensions.Trx.TestLogger.dll
TpTrace Verbose: 0 : 17836, 5, 2024/10/24, 18:38:43.350, 2487696962643, vstest.console.dll, TestPluginCache.GetExtensionPaths: Added unfilterableExtensionPaths: 
TpTrace Verbose: 0 : 17836, 5, 2024/10/24, 18:38:43.354, 2487696999159, vstest.console.dll, TestRequestSender.InitializeExecution: Sending initialize execution with message: {"Version":7,"MessageType":"TestExecution.Initialize","Payload":["C:\\Users\\ARNAV\\Desktop\\Software Engineering\\Lab Project\\Demos\\Development\\FA1\\SECloudTest\\bin\\Debug\\net8.0\\fine-code-coverage\\build-output\\NUnit3.TestAdapter.dll"]}
TpTrace Verbose: 0 : 17836, 5, 2024/10/24, 18:38:43.354, 2487697001269, vstest.console.dll, ParallelProxyExecutionManager.StartTestRunOnConcurrentManager: Execution starting. Started clients: 1
TpTrace Verbose: 0 : 17836, 5, 2024/10/24, 18:38:43.354, 2487697004292, vstest.console.dll, TestRunRequest:SendTestRunMessage: Starting.
TpTrace Verbose: 0 : 17836, 5, 2024/10/24, 18:38:43.354, 2487697005622, vstest.console.dll, MulticastDelegateUtilities.SafeInvoke: TestRun.LogMessages: Invoking callback 1/1 for Microsoft.VisualStudio.TestPlatform.CommandLine.TestRunResultAggregator., took 0 ms.
TpTrace Information: 0 : 17836, 5, 2024/10/24, 18:38:43.354, 2487697006101, vstest.console.dll, TestRunRequest:SendTestRunMessage: Completed.
TpTrace Verbose: 0 : 17836, 4, 2024/10/24, 18:38:43.354, 2487697007545, vstest.console.dll, MulticastDelegateUtilities.SafeInvoke: InternalTestLoggerEvents.SendTestRunMessage: Invoking callback 1/1 for Microsoft.VisualStudio.TestPlatform.CommandLine.Internal.ConsoleLogger., took 0 ms.
TpTrace Warning: 0 : 17836, 5, 2024/10/24, 18:38:43.355, 2487697009803, vstest.console.dll, InferRunSettingsHelper.MakeRunsettingsCompatible: Removing the following settings: TargetPlatform from RunSettings file. To use those settings please move to latest version of Microsoft.NET.Test.Sdk
TpTrace Verbose: 0 : 17836, 13, 2024/10/24, 18:38:43.355, 2487697016144, vstest.console.dll, TcpClientExtensions.MessageLoopAsync: NotifyDataAvailable remoteEndPoint: 127.0.0.1:63043 localEndPoint: 127.0.0.1:63042
TpTrace Verbose: 0 : 17836, 13, 2024/10/24, 18:38:43.356, 2487697019733, vstest.console.dll, TestRequestSender.OnExecutionMessageReceived: Received message: {"Version":7,"MessageType":"TestSession.Message","Payload":{"MessageLevel":0,"Message":"Logging TestHost Diagnostics in file: C:\\Users\\ARNAV\\Desktop\\Software Engineering\\Lab Project\\Demos\\Development\\FA1\\SECloudTest\\bin\\Debug\\net8.0\\fine-code-coverage\\coverage-tool-output\\diagnostics.host.24-10-24_18-38-43_06537_5.log"}}
TpTrace Verbose: 0 : 17836, 13, 2024/10/24, 18:38:43.358, 2487697047208, vstest.console.dll, TestRunRequest:SendTestRunMessage: Starting.
TpTrace Verbose: 0 : 17836, 13, 2024/10/24, 18:38:43.359, 2487697048277, vstest.console.dll, MulticastDelegateUtilities.SafeInvoke: TestRun.LogMessages: Invoking callback 1/1 for Microsoft.VisualStudio.TestPlatform.CommandLine.TestRunResultAggregator., took 0 ms.
TpTrace Information: 0 : 17836, 13, 2024/10/24, 18:38:43.359, 2487697048627, vstest.console.dll, TestRunRequest:SendTestRunMessage: Completed.
TpTrace Verbose: 0 : 17836, 4, 2024/10/24, 18:38:43.359, 2487697048585, vstest.console.dll, MulticastDelegateUtilities.SafeInvoke: InternalTestLoggerEvents.SendTestRunMessage: Invoking callback 1/1 for Microsoft.VisualStudio.TestPlatform.CommandLine.Internal.ConsoleLogger., took 0 ms.
TpTrace Verbose: 0 : 17836, 13, 2024/10/24, 18:38:43.359, 2487697049694, vstest.console.dll, MulticastDelegateUtilities.SafeInvoke: LengthPrefixCommunicationChannel: MessageReceived: Invoking callback 1/1 for Microsoft.VisualStudio.TestPlatform.CommunicationUtilities.TestRequestSender+<>c__DisplayClass34_0., took 3 ms.
TpTrace Verbose: 0 : 17836, 13, 2024/10/24, 18:38:43.359, 2487697050214, vstest.console.dll, TcpClientExtensions.MessageLoopAsync: Polling on remoteEndPoint: 127.0.0.1:63043 localEndPoint: 127.0.0.1:63042 after 8 ms
TpTrace Verbose: 0 : 17836, 5, 2024/10/24, 18:38:43.360, 2487697066563, vstest.console.dll, TestRequestSender.StartTestRun: Sending test run with message: {"Version":7,"MessageType":"TestExecution.StartWithSources","Payload":{"AdapterSourceMap":{"_none_":["C:\\Users\\ARNAV\\Desktop\\Software Engineering\\Lab Project\\Demos\\Development\\FA1\\SECloudTest\\bin\\Debug\\net8.0\\fine-code-coverage\\build-output\\SECloudTest.dll"]},"RunSettings":"<RunSettings>\r\n  <RunConfiguration>\r\n    <ResultsDirectory>C:\\Users\\ARNAV\\Desktop\\Software Engineering\\Lab Project\\Demos\\Development\\FA1\\SECloudTest\\bin\\Debug\\net8.0\\fine-code-coverage\\coverage-tool-output</ResultsDirectory>\r\n    <TargetFrameworkVersion>.NETCoreApp,Version=v8.0</TargetFrameworkVersion>\r\n    <DesignMode>False</DesignMode>\r\n    <CollectSourceInformation>False</CollectSourceInformation>\r\n  </RunConfiguration>\r\n  <LoggerRunSettings>\r\n    <Loggers>\r\n      <Logger friendlyName=\"blame\" enabled=\"True\" />\r\n      <Logger friendlyName=\"Console\" uri=\"logger://microsoft/TestPlatform/ConsoleLogger/v1\" assemblyQualifiedName=\"Microsoft.VisualStudio.TestPlatform.CommandLine.Internal.ConsoleLogger, vstest.console, Version=15.0.0.0, Culture=neutral, PublicKeyToken=b03f5f7f11d50a3a\" codeBase=\"C:\\Program Files\\dotnet\\sdk\\8.0.303\\vstest.console.dll\" enabled=\"True\" />\r\n    </Loggers>\r\n  </LoggerRunSettings>\r\n  <DataCollectionRunSettings>\r\n    <DataCollectors>\r\n      <DataCollector friendlyName=\"blame\" enabled=\"True\">\r\n        <Configuration>\r\n          <ResultsDirectory>C:\\Users\\ARNAV\\Desktop\\Software Engineering\\Lab Project\\Demos\\Development\\FA1\\SECloudTest\\bin\\Debug\\net8.0\\fine-code-coverage\\coverage-tool-output</ResultsDirectory>\r\n        </Configuration>\r\n      </DataCollector>\r\n    </DataCollectors>\r\n  </DataCollectionRunSettings>\r\n</RunSettings>","TestExecutionContext":{"FrequencyOfRunStatsChangeEvent":10,"RunStatsChangeEventTimeout":"00:00:01.5000000","InIsolation":false,"KeepAlive":false,"AreTestCaseLevelEventsRequired":false,"IsDebug":false,"TestCaseFilter":null,"FilterOptions":null},"Package":null}}
TpTrace Verbose: 0 : 17836, 5, 2024/10/24, 18:38:43.361, 2487697067988, vstest.console.dll, ParallelProxyExecutionManager.StartTestRunOnConcurrentManager: Execution started. Started clients: 1
TpTrace Verbose: 0 : 17836, 13, 2024/10/24, 18:38:43.490, 2487698364787, vstest.console.dll, TcpClientExtensions.MessageLoopAsync: NotifyDataAvailable remoteEndPoint: 127.0.0.1:63043 localEndPoint: 127.0.0.1:63042
TpTrace Verbose: 0 : 17836, 13, 2024/10/24, 18:38:43.490, 2487698367204, vstest.console.dll, TestRequestSender.OnExecutionMessageReceived: Received message: {"Version":7,"MessageType":"TestSession.Message","Payload":{"MessageLevel":0,"Message":"NUnit Adapter 4.5.0.0: Test execution started"}}
TpTrace Verbose: 0 : 17836, 13, 2024/10/24, 18:38:43.491, 2487698370402, vstest.console.dll, TestRunRequest:SendTestRunMessage: Starting.
TpTrace Verbose: 0 : 17836, 13, 2024/10/24, 18:38:43.491, 2487698371166, vstest.console.dll, MulticastDelegateUtilities.SafeInvoke: TestRun.LogMessages: Invoking callback 1/1 for Microsoft.VisualStudio.TestPlatform.CommandLine.TestRunResultAggregator., took 0 ms.
TpTrace Verbose: 0 : 17836, 4, 2024/10/24, 18:38:43.491, 2487698371291, vstest.console.dll, MulticastDelegateUtilities.SafeInvoke: InternalTestLoggerEvents.SendTestRunMessage: Invoking callback 1/1 for Microsoft.VisualStudio.TestPlatform.CommandLine.Internal.ConsoleLogger., took 0 ms.
TpTrace Information: 0 : 17836, 13, 2024/10/24, 18:38:43.491, 2487698372034, vstest.console.dll, TestRunRequest:SendTestRunMessage: Completed.
TpTrace Verbose: 0 : 17836, 13, 2024/10/24, 18:38:43.491, 2487698373470, vstest.console.dll, MulticastDelegateUtilities.SafeInvoke: LengthPrefixCommunicationChannel: MessageReceived: Invoking callback 1/1 for Microsoft.VisualStudio.TestPlatform.CommunicationUtilities.TestRequestSender+<>c__DisplayClass34_0., took 0 ms.
TpTrace Verbose: 0 : 17836, 13, 2024/10/24, 18:38:43.491, 2487698374239, vstest.console.dll, TcpClientExtensions.MessageLoopAsync: Polling on remoteEndPoint: 127.0.0.1:63043 localEndPoint: 127.0.0.1:63042 after 132 ms
TpTrace Verbose: 0 : 17836, 13, 2024/10/24, 18:38:43.513, 2487698597042, vstest.console.dll, TcpClientExtensions.MessageLoopAsync: NotifyDataAvailable remoteEndPoint: 127.0.0.1:63043 localEndPoint: 127.0.0.1:63042
TpTrace Verbose: 0 : 17836, 13, 2024/10/24, 18:38:43.514, 2487698600619, vstest.console.dll, TestRequestSender.OnExecutionMessageReceived: Received message: {"Version":7,"MessageType":"TestSession.Message","Payload":{"MessageLevel":0,"Message":"Running all tests in C:\\Users\\ARNAV\\Desktop\\Software Engineering\\Lab Project\\Demos\\Development\\FA1\\SECloudTest\\bin\\Debug\\net8.0\\fine-code-coverage\\build-output\\SECloudTest.dll"}}
TpTrace Verbose: 0 : 17836, 13, 2024/10/24, 18:38:43.514, 2487698602754, vstest.console.dll, TestRunRequest:SendTestRunMessage: Starting.
TpTrace Verbose: 0 : 17836, 13, 2024/10/24, 18:38:43.514, 2487698603641, vstest.console.dll, MulticastDelegateUtilities.SafeInvoke: TestRun.LogMessages: Invoking callback 1/1 for Microsoft.VisualStudio.TestPlatform.CommandLine.TestRunResultAggregator., took 0 ms.
TpTrace Information: 0 : 17836, 13, 2024/10/24, 18:38:43.514, 2487698604083, vstest.console.dll, TestRunRequest:SendTestRunMessage: Completed.
TpTrace Verbose: 0 : 17836, 13, 2024/10/24, 18:38:43.514, 2487698604485, vstest.console.dll, MulticastDelegateUtilities.SafeInvoke: LengthPrefixCommunicationChannel: MessageReceived: Invoking callback 1/1 for Microsoft.VisualStudio.TestPlatform.CommunicationUtilities.TestRequestSender+<>c__DisplayClass34_0., took 0 ms.
TpTrace Verbose: 0 : 17836, 4, 2024/10/24, 18:38:43.514, 2487698604503, vstest.console.dll, MulticastDelegateUtilities.SafeInvoke: InternalTestLoggerEvents.SendTestRunMessage: Invoking callback 1/1 for Microsoft.VisualStudio.TestPlatform.CommandLine.Internal.ConsoleLogger., took 0 ms.
TpTrace Verbose: 0 : 17836, 13, 2024/10/24, 18:38:43.514, 2487698604956, vstest.console.dll, TcpClientExtensions.MessageLoopAsync: Polling on remoteEndPoint: 127.0.0.1:63043 localEndPoint: 127.0.0.1:63042 after 23 ms
TpTrace Verbose: 0 : 17836, 13, 2024/10/24, 18:38:43.602, 2487699485482, vstest.console.dll, TcpClientExtensions.MessageLoopAsync: NotifyDataAvailable remoteEndPoint: 127.0.0.1:63043 localEndPoint: 127.0.0.1:63042
TpTrace Verbose: 0 : 17836, 13, 2024/10/24, 18:38:43.603, 2487699487979, vstest.console.dll, TestRequestSender.OnExecutionMessageReceived: Received message: {"Version":7,"MessageType":"TestSession.Message","Payload":{"MessageLevel":0,"Message":"   NUnit3TestExecutor discovered 13 of 13 NUnit test cases using Current Discovery mode, Non-Explicit run"}}
TpTrace Verbose: 0 : 17836, 13, 2024/10/24, 18:38:43.603, 2487699489906, vstest.console.dll, TestRunRequest:SendTestRunMessage: Starting.
TpTrace Verbose: 0 : 17836, 13, 2024/10/24, 18:38:43.603, 2487699491125, vstest.console.dll, MulticastDelegateUtilities.SafeInvoke: TestRun.LogMessages: Invoking callback 1/1 for Microsoft.VisualStudio.TestPlatform.CommandLine.TestRunResultAggregator., took 0 ms.
TpTrace Information: 0 : 17836, 13, 2024/10/24, 18:38:43.603, 2487699491603, vstest.console.dll, TestRunRequest:SendTestRunMessage: Completed.
TpTrace Verbose: 0 : 17836, 4, 2024/10/24, 18:38:43.603, 2487699491591, vstest.console.dll, MulticastDelegateUtilities.SafeInvoke: InternalTestLoggerEvents.SendTestRunMessage: Invoking callback 1/1 for Microsoft.VisualStudio.TestPlatform.CommandLine.Internal.ConsoleLogger., took 0 ms.
TpTrace Verbose: 0 : 17836, 13, 2024/10/24, 18:38:43.603, 2487699492313, vstest.console.dll, MulticastDelegateUtilities.SafeInvoke: LengthPrefixCommunicationChannel: MessageReceived: Invoking callback 1/1 for Microsoft.VisualStudio.TestPlatform.CommunicationUtilities.TestRequestSender+<>c__DisplayClass34_0., took 0 ms.
TpTrace Verbose: 0 : 17836, 13, 2024/10/24, 18:38:43.603, 2487699493941, vstest.console.dll, TcpClientExtensions.MessageLoopAsync: Polling on remoteEndPoint: 127.0.0.1:63043 localEndPoint: 127.0.0.1:63042 after 88 ms
TpTrace Verbose: 0 : 17836, 13, 2024/10/24, 18:38:43.968, 2487703143640, vstest.console.dll, TcpClientExtensions.MessageLoopAsync: NotifyDataAvailable remoteEndPoint: 127.0.0.1:63043 localEndPoint: 127.0.0.1:63042
TpTrace Verbose: 0 : 17836, 13, 2024/10/24, 18:38:43.969, 2487703155081, vstest.console.dll, TestRequestSender.OnExecutionMessageReceived: Received message: {"Version":7,"MessageType":"TestExecution.StatsChange","Payload":{"NewTestResults":[{"TestCase":{"Id":"abe2a48b-0b6d-2cbb-12b6-f200df8cd9e7","FullyQualifiedName":"ConfigRetrieveTests.GetConfigSetting_ConfigFileExists_ReturnsSettingValue","DisplayName":"GetConfigSetting_ConfigFileExists_ReturnsSettingValue","ExecutorUri":"executor://NUnit3TestExecutor","Source":"C:\\Users\\ARNAV\\Desktop\\Software Engineering\\Lab Project\\Demos\\Development\\FA1\\SECloudTest\\bin\\Debug\\net8.0\\fine-code-coverage\\build-output\\SECloudTest.dll","CodeFilePath":null,"LineNumber":0,"Properties":[{"Key":{"Id":"NUnit.Seed","Label":"Seed","Category":"","Description":"","Attributes":0,"ValueType":"System.String"},"Value":"1644809545"}]},"Attachments":[],"Outcome":2,"ErrorMessage":"System.NotSupportedException : Unsupported expression: req => req.CreateResponse(HttpStatusCode.OK)\r\nExtension methods (here: HttpRequestDataExtensions.CreateResponse) may not be used in setup / verification expressions.","ErrorStackTrace":"   at Moq.Guard.IsOverridable(MethodInfo method, Expression expression) in /_/src/Moq/Guard.cs:line 87\r\n   at Moq.MethodExpectation..ctor(LambdaExpression expression, MethodInfo method, IReadOnlyList`1 arguments, Boolean exactGenericTypeArguments, Boolean skipMatcherInitialization, Boolean allowNonOverridable) in /_/src/Moq/MethodExpectation.cs:line 87\r\n   at Moq.ExpressionExtensions.<Split>g__Split|5_0(Expression e, Expression& r, MethodExpectation& p, Boolean assignment, Boolean allowNonOverridableLastProperty) in /_/src/Moq/ExpressionExtensions.cs:line 235\r\n   at Moq.ExpressionExtensions.Split(LambdaExpression expression, Boolean allowNonOverridableLastProperty) in /_/src/Moq/ExpressionExtensions.cs:line 149\r\n   at Moq.Mock.SetupRecursive[TSetup](Mock mock, LambdaExpression expression, Func`4 setupLast, Boolean allowNonOverridableLastProperty) in /_/src/Moq/Mock.cs:line 645\r\n   at Moq.Mock.Setup(Mock mock, LambdaExpression expression, Condition condition) in /_/src/Moq/Mock.cs:line 500\r\n   at Moq.Mock`1.Setup[TResult](Expression`1 expression) in /_/src/Moq/Mock`1.cs:line 452\r\n   at ConfigRetrieveTests.GetConfigSetting_ConfigFileExists_ReturnsSettingValue() in C:\\Users\\ARNAV\\Desktop\\Software Engineering\\Lab Project\\Demos\\Development\\FA1\\SECloudTest\\ConfigRetrieveTests.cs:line 83\r\n   at NUnit.Framework.Internal.TaskAwaitAdapter.GenericAdapter`1.GetResult()\r\n   at NUnit.Framework.Internal.AsyncToSyncAdapter.Await(Func`1 invoke)\r\n   at NUnit.Framework.Internal.Commands.TestMethodCommand.RunTestMethod(TestExecutionContext context)\r\n   at NUnit.Framework.Internal.Commands.TestMethodCommand.Execute(TestExecutionContext context)\r\n   at NUnit.Framework.Internal.Commands.BeforeAndAfterTestCommand.<>c__DisplayClass1_0.<Execute>b__0()\r\n   at NUnit.Framework.Internal.Commands.DelegatingTestCommand.RunTestMethodInThreadAbortSafeZone(TestExecutionContext context, Action action)\n","DisplayName":"GetConfigSetting_ConfigFileExists_ReturnsSettingValue","Messages":[],"ComputerName":"LAPTOP-4R34311P","Duration":"00:00:00.2204710","StartTime":"2024-10-24T13:08:43.6274425+00:00","EndTime":"2024-10-24T13:08:43.8478428+00:00","Properties":[{"Key":{"Id":"NUnit.Seed","Label":"Seed","Category":"","Description":"","Attributes":0,"ValueType":"System.String"},"Value":"1644809545"}]},{"TestCase":{"Id":"8ed2a3e1-0843-1a1a-1c39-4bccc5e67d02","FullyQualifiedName":"ConfigRetrieveTests.GetConfigSetting_ExceptionThrown_ReturnsServerError","DisplayName":"GetConfigSetting_ExceptionThrown_ReturnsServerError","ExecutorUri":"executor://NUnit3TestExecutor","Source":"C:\\Users\\ARNAV\\Desktop\\Software Engineering\\Lab Project\\Demos\\Development\\FA1\\SECloudTest\\bin\\Debug\\net8.0\\fine-code-coverage\\build-output\\SECloudTest.dll","CodeFilePath":null,"LineNumber":0,"Properties":[{"Key":{"Id":"NUnit.Seed","Label":"Seed","Category":"","Description":"","Attributes":0,"ValueType":"System.String"},"Value":"422159684"}]},"Attachments":[],"Outcome":2,"ErrorMessage":"System.NotSupportedException : Unsupported expression: req => req.CreateResponse(HttpStatusCode.InternalServerError)\r\nExtension methods (here: HttpRequestDataExtensions.CreateResponse) may not be used in setup / verification expressions.","ErrorStackTrace":"   at Moq.Guard.IsOverridable(MethodInfo method, Expression expression) in /_/src/Moq/Guard.cs:line 87\r\n   at Moq.MethodExpectation..ctor(LambdaExpression expression, MethodInfo method, IReadOnlyList`1 arguments, Boolean exactGenericTypeArguments, Boolean skipMatcherInitialization, Boolean allowNonOverridable) in /_/src/Moq/MethodExpectation.cs:line 87\r\n   at Moq.ExpressionExtensions.<Split>g__Split|5_0(Expression e, Expression& r, MethodExpectation& p, Boolean assignment, Boolean allowNonOverridableLastProperty) in /_/src/Moq/ExpressionExtensions.cs:line 235\r\n   at Moq.ExpressionExtensions.Split(LambdaExpression expression, Boolean allowNonOverridableLastProperty) in /_/src/Moq/ExpressionExtensions.cs:line 149\r\n   at Moq.Mock.SetupRecursive[TSetup](Mock mock, LambdaExpression expression, Func`4 setupLast, Boolean allowNonOverridableLastProperty) in /_/src/Moq/Mock.cs:line 645\r\n   at Moq.Mock.Setup(Mock mock, LambdaExpression expression, Condition condition) in /_/src/Moq/Mock.cs:line 500\r\n   at Moq.Mock`1.Setup[TResult](Expression`1 expression) in /_/src/Moq/Mock`1.cs:line 452\r\n   at ConfigRetrieveTests.GetConfigSetting_ExceptionThrown_ReturnsServerError() in C:\\Users\\ARNAV\\Desktop\\Software Engineering\\Lab Project\\Demos\\Development\\FA1\\SECloudTest\\ConfigRetrieveTests.cs:line 140\r\n   at NUnit.Framework.Internal.TaskAwaitAdapter.GenericAdapter`1.GetResult()\r\n   at NUnit.Framework.Internal.AsyncToSyncAdapter.Await(Func`1 invoke)\r\n   at NUnit.Framework.Internal.Commands.TestMethodCommand.RunTestMethod(TestExecutionContext context)\r\n   at NUnit.Framework.Internal.Commands.TestMethodCommand.Execute(TestExecutionContext context)\r\n   at NUnit.Framework.Internal.Commands.BeforeAndAfterTestCommand.<>c__DisplayClass1_0.<Execute>b__0()\r\n   at NUnit.Framework.Internal.Commands.DelegatingTestCommand.RunTestMethodInThreadAbortSafeZone(TestExecutionContext context, Action action)\n","DisplayName":"GetConfigSetting_ExceptionThrown_ReturnsServerError","Messages":[],"ComputerName":"LAPTOP-4R34311P","Duration":"00:00:00.0040010","StartTime":"2024-10-24T13:08:43.8493891+00:00","EndTime":"2024-10-24T13:08:43.8533904+00:00","Properties":[{"Key":{"Id":"NUnit.Seed","Label":"Seed","Category":"","Description":"","Attributes":0,"ValueType":"System.String"},"Value":"422159684"}]},{"TestCase":{"Id":"cc8d35e3-28c1-ee4c-53f7-d0ecab80c68e","FullyQualifiedName":"ConfigRetrieveTests.GetConfigSetting_SettingNotFoundInConfig_ReturnsNotFound","DisplayName":"GetConfigSetting_SettingNotFoundInConfig_ReturnsNotFound","ExecutorUri":"executor://NUnit3TestExecutor","Source":"C:\\Users\\ARNAV\\Desktop\\Software Engineering\\Lab Project\\Demos\\Development\\FA1\\SECloudTest\\bin\\Debug\\net8.0\\fine-code-coverage\\build-output\\SECloudTest.dll","CodeFilePath":null,"LineNumber":0,"Properties":[{"Key":{"Id":"NUnit.Seed","Label":"Seed","Category":"","Description":"","Attributes":0,"ValueType":"System.String"},"Value":"1042711645"}]},"Attachments":[],"Outcome":2,"ErrorMessage":"System.NotSupportedException : Unsupported expression: req => req.CreateResponse(HttpStatusCode.NotFound)\r\nExtension methods (here: HttpRequestDataExtensions.CreateResponse) may not be used in setup / verification expressions.","ErrorStackTrace":"   at Moq.Guard.IsOverridable(MethodInfo method, Expression expression) in /_/src/Moq/Guard.cs:line 87\r\n   at Moq.MethodExpectation..ctor(LambdaExpression expression, MethodInfo method, IReadOnlyList`1 arguments, Boolean exactGenericTypeArguments, Boolean skipMatcherInitialization, Boolean allowNonOverridable) in /_/src/Moq/MethodExpectation.cs:line 87\r\n   at Moq.ExpressionExtensions.<Split>g__Split|5_0(Expression e, Expression& r, MethodExpectation& p, Boolean assignment, Boolean allowNonOverridableLastProperty) in /_/src/Moq/ExpressionExtensions.cs:line 235\r\n   at Moq.ExpressionExtensions.Split(LambdaExpression expression, Boolean allowNonOverridableLastProperty) in /_/src/Moq/ExpressionExtensions.cs:line 149\r\n   at Moq.Mock.SetupRecursive[TSetup](Mock mock, LambdaExpression expression, Func`4 setupLast, Boolean allowNonOverridableLastProperty) in /_/src/Moq/Mock.cs:line 645\r\n   at Moq.Mock.Setup(Mock mock, LambdaExpression expression, Condition condition) in /_/src/Moq/Mock.cs:line 500\r\n   at Moq.Mock`1.Setup[TResult](Expression`1 expression) in /_/src/Moq/Mock`1.cs:line 452\r\n   at ConfigRetrieveTests.GetConfigSetting_SettingNotFoundInConfig_ReturnsNotFound() in C:\\Users\\ARNAV\\Desktop\\Software Engineering\\Lab Project\\Demos\\Development\\FA1\\SECloudTest\\ConfigRetrieveTests.cs:line 122\r\n   at NUnit.Framework.Internal.TaskAwaitAdapter.GenericAdapter`1.GetResult()\r\n   at NUnit.Framework.Internal.AsyncToSyncAdapter.Await(Func`1 invoke)\r\n   at NUnit.Framework.Internal.Commands.TestMethodCommand.RunTestMethod(TestExecutionContext context)\r\n   at NUnit.Framework.Internal.Commands.TestMethodCommand.Execute(TestExecutionContext context)\r\n   at NUnit.Framework.Internal.Commands.BeforeAndAfterTestCommand.<>c__DisplayClass1_0.<Execute>b__0()\r\n   at NUnit.Framework.Internal.Commands.DelegatingTestCommand.RunTestMethodInThreadAbortSafeZone(TestExecutionContext context, Action action)\n","DisplayName":"GetConfigSetting_SettingNotFoundInConfig_ReturnsNotFound","Messages":[],"ComputerName":"LAPTOP-4R34311P","Duration":"00:00:00.0028019","StartTime":"2024-10-24T13:08:43.8534202+00:00","EndTime":"2024-10-24T13:08:43.8562217+00:00","Properties":[{"Key":{"Id":"NUnit.Seed","Label":"Seed","Category":"","Description":"","Attributes":0,"ValueType":"System.String"},"Value":"1042711645"}]},{"TestCase":{"Id":"6ce75a2a-a006-39f7-5758-a44bbfdb27ad","FullyQualifiedName":"FileDownloadTests.DownloadFile_ExceptionDuringDownload_ReturnsInternalServerError","DisplayName":"DownloadFile_ExceptionDuringDownload_ReturnsInternalServerError","ExecutorUri":"executor://NUnit3TestExecutor","Source":"C:\\Users\\ARNAV\\Desktop\\Software Engineering\\Lab Project\\Demos\\Development\\FA1\\SECloudTest\\bin\\Debug\\net8.0\\fine-code-coverage\\build-output\\SECloudTest.dll","CodeFilePath":null,"LineNumber":0,"Properties":[{"Key":{"Id":"NUnit.Seed","Label":"Seed","Category":"","Description":"","Attributes":0,"ValueType":"System.String"},"Value":"1232850161"}]},"Attachments":[],"Outcome":2,"ErrorMessage":"System.NotSupportedException : Unsupported expression: req => req.CreateResponse(HttpStatusCode.InternalServerError)\r\nExtension methods (here: HttpRequestDataExtensions.CreateResponse) may not be used in setup / verification expressions.","ErrorStackTrace":"   at Moq.Guard.IsOverridable(MethodInfo method, Expression expression) in /_/src/Moq/Guard.cs:line 87\r\n   at Moq.MethodExpectation..ctor(LambdaExpression expression, MethodInfo method, IReadOnlyList`1 arguments, Boolean exactGenericTypeArguments, Boolean skipMatcherInitialization, Boolean allowNonOverridable) in /_/src/Moq/MethodExpectation.cs:line 87\r\n   at Moq.ExpressionExtensions.<Split>g__Split|5_0(Expression e, Expression& r, MethodExpectation& p, Boolean assignment, Boolean allowNonOverridableLastProperty) in /_/src/Moq/ExpressionExtensions.cs:line 235\r\n   at Moq.ExpressionExtensions.Split(LambdaExpression expression, Boolean allowNonOverridableLastProperty) in /_/src/Moq/ExpressionExtensions.cs:line 149\r\n   at Moq.Mock.SetupRecursive[TSetup](Mock mock, LambdaExpression expression, Func`4 setupLast, Boolean allowNonOverridableLastProperty) in /_/src/Moq/Mock.cs:line 645\r\n   at Moq.Mock.Setup(Mock mock, LambdaExpression expression, Condition condition) in /_/src/Moq/Mock.cs:line 500\r\n   at Moq.Mock`1.Setup[TResult](Expression`1 expression) in /_/src/Moq/Mock`1.cs:line 452\r\n   at FileDownloadTests.DownloadFile_ExceptionDuringDownload_ReturnsInternalServerError() in C:\\Users\\ARNAV\\Desktop\\Software Engineering\\Lab Project\\Demos\\Development\\FA1\\SECloudTest\\FileDownloadTests.cs:line 107\r\n   at NUnit.Framework.Internal.TaskAwaitAdapter.GenericAdapter`1.GetResult()\r\n   at NUnit.Framework.Internal.AsyncToSyncAdapter.Await(Func`1 invoke)\r\n   at NUnit.Framework.Internal.Commands.TestMethodCommand.RunTestMethod(TestExecutionContext context)\r\n   at NUnit.Framework.Internal.Commands.TestMethodCommand.Execute(TestExecutionContext context)\r\n   at NUnit.Framework.Internal.Commands.BeforeAndAfterTestCommand.<>c__DisplayClass1_0.<Execute>b__0()\r\n   at NUnit.Framework.Internal.Commands.DelegatingTestCommand.RunTestMethodInThreadAbortSafeZone(TestExecutionContext context, Action action)\n","DisplayName":"DownloadFile_ExceptionDuringDownload_ReturnsInternalServerError","Messages":[],"ComputerName":"LAPTOP-4R34311P","Duration":"00:00:00.0015120","StartTime":"2024-10-24T13:08:43.8584765+00:00","EndTime":"2024-10-24T13:08:43.8599879+00:00","Properties":[{"Key":{"Id":"NUnit.Seed","Label":"Seed","Category":"","Description":"","Attributes":0,"ValueType":"System.String"},"Value":"1232850161"}]},{"TestCase":{"Id":"ef8fafe3-d555-9144-25f4-bd13337ebe25","FullyQualifiedName":"FileDownloadTests.DownloadFile_FileDoesNotExist_ReturnsNotFound","DisplayName":"DownloadFile_FileDoesNotExist_ReturnsNotFound","ExecutorUri":"executor://NUnit3TestExecutor","Source":"C:\\Users\\ARNAV\\Desktop\\Software Engineering\\Lab Project\\Demos\\Development\\FA1\\SECloudTest\\bin\\Debug\\net8.0\\fine-code-coverage\\build-output\\SECloudTest.dll","CodeFilePath":null,"LineNumber":0,"Properties":[{"Key":{"Id":"NUnit.Seed","Label":"Seed","Category":"","Description":"","Attributes":0,"ValueType":"System.String"},"Value":"743926384"}]},"Attachments":[],"Outcome":2,"ErrorMessage":"System.NotSupportedException : Unsupported expression: req => req.CreateResponse(HttpStatusCode.NotFound)\r\nExtension methods (here: HttpRequestDataExtensions.CreateResponse) may not be used in setup / verification expressions.","ErrorStackTrace":"   at Moq.Guard.IsOverridable(MethodInfo method, Expression expression) in /_/src/Moq/Guard.cs:line 87\r\n   at Moq.MethodExpectation..ctor(LambdaExpression expression, MethodInfo method, IReadOnlyList`1 arguments, Boolean exactGenericTypeArguments, Boolean skipMatcherInitialization, Boolean allowNonOverridable) in /_/src/Moq/MethodExpectation.cs:line 87\r\n   at Moq.ExpressionExtensions.<Split>g__Split|5_0(Expression e, Expression& r, MethodExpectation& p, Boolean assignment, Boolean allowNonOverridableLastProperty) in /_/src/Moq/ExpressionExtensions.cs:line 235\r\n   at Moq.ExpressionExtensions.Split(LambdaExpression expression, Boolean allowNonOverridableLastProperty) in /_/src/Moq/ExpressionExtensions.cs:line 149\r\n   at Moq.Mock.SetupRecursive[TSetup](Mock mock, LambdaExpression expression, Func`4 setupLast, Boolean allowNonOverridableLastProperty) in /_/src/Moq/Mock.cs:line 645\r\n   at Moq.Mock.Setup(Mock mock, LambdaExpression expression, Condition condition) in /_/src/Moq/Mock.cs:line 500\r\n   at Moq.Mock`1.Setup[TResult](Expression`1 expression) in /_/src/Moq/Mock`1.cs:line 452\r\n   at FileDownloadTests.DownloadFile_FileDoesNotExist_ReturnsNotFound() in C:\\Users\\ARNAV\\Desktop\\Software Engineering\\Lab Project\\Demos\\Development\\FA1\\SECloudTest\\FileDownloadTests.cs:line 87\r\n   at NUnit.Framework.Internal.TaskAwaitAdapter.GenericAdapter`1.GetResult()\r\n   at NUnit.Framework.Internal.AsyncToSyncAdapter.Await(Func`1 invoke)\r\n   at NUnit.Framework.Internal.Commands.TestMethodCommand.RunTestMethod(TestExecutionContext context)\r\n   at NUnit.Framework.Internal.Commands.TestMethodCommand.Execute(TestExecutionContext context)\r\n   at NUnit.Framework.Internal.Commands.BeforeAndAfterTestCommand.<>c__DisplayClass1_0.<Execute>b__0()\r\n   at NUnit.Framework.Internal.Commands.DelegatingTestCommand.RunTestMethodInThreadAbortSafeZone(TestExecutionContext context, Action action)\n","DisplayName":"DownloadFile_FileDoesNotExist_ReturnsNotFound","Messages":[],"ComputerName":"LAPTOP-4R34311P","Duration":"00:00:00.0013930","StartTime":"2024-10-24T13:08:43.8600003+00:00","EndTime":"2024-10-24T13:08:43.8613931+00:00","Properties":[{"Key":{"Id":"NUnit.Seed","Label":"Seed","Category":"","Description":"","Attributes":0,"ValueType":"System.String"},"Value":"743926384"}]},{"TestCase":{"Id":"52a720e9-be0a-48d1-85b1-9f41c350ebc4","FullyQualifiedName":"FileDownloadTests.DownloadFile_FileExists_ReturnsOkWithFile","DisplayName":"DownloadFile_FileExists_ReturnsOkWithFile","ExecutorUri":"executor://NUnit3TestExecutor","Source":"C:\\Users\\ARNAV\\Desktop\\Software Engineering\\Lab Project\\Demos\\Development\\FA1\\SECloudTest\\bin\\Debug\\net8.0\\fine-code-coverage\\build-output\\SECloudTest.dll","CodeFilePath":null,"LineNumber":0,"Properties":[{"Key":{"Id":"NUnit.Seed","Label":"Seed","Category":"","Description":"","Attributes":0,"ValueType":"System.String"},"Value":"9369883"}]},"Attachments":[],"Outcome":2,"ErrorMessage":"System.NotSupportedException : Unsupported expression: req => req.CreateResponse(HttpStatusCode.OK)\r\nExtension methods (here: HttpRequestDataExtensions.CreateResponse) may not be used in setup / verification expressions.","ErrorStackTrace":"   at Moq.Guard.IsOverridable(MethodInfo method, Expression expression) in /_/src/Moq/Guard.cs:line 87\r\n   at Moq.MethodExpectation..ctor(LambdaExpression expression, MethodInfo method, IReadOnlyList`1 arguments, Boolean exactGenericTypeArguments, Boolean skipMatcherInitialization, Boolean allowNonOverridable) in /_/src/Moq/MethodExpectation.cs:line 87\r\n   at Moq.ExpressionExtensions.<Split>g__Split|5_0(Expression e, Expression& r, MethodExpectation& p, Boolean assignment, Boolean allowNonOverridableLastProperty) in /_/src/Moq/ExpressionExtensions.cs:line 235\r\n   at Moq.ExpressionExtensions.Split(LambdaExpression expression, Boolean allowNonOverridableLastProperty) in /_/src/Moq/ExpressionExtensions.cs:line 149\r\n   at Moq.Mock.SetupRecursive[TSetup](Mock mock, LambdaExpression expression, Func`4 setupLast, Boolean allowNonOverridableLastProperty) in /_/src/Moq/Mock.cs:line 645\r\n   at Moq.Mock.Setup(Mock mock, LambdaExpression expression, Condition condition) in /_/src/Moq/Mock.cs:line 500\r\n   at Moq.Mock`1.Setup[TResult](Expression`1 expression) in /_/src/Moq/Mock`1.cs:line 452\r\n   at FileDownloadTests.DownloadFile_FileExists_ReturnsOkWithFile() in C:\\Users\\ARNAV\\Desktop\\Software Engineering\\Lab Project\\Demos\\Development\\FA1\\SECloudTest\\FileDownloadTests.cs:line 67\r\n   at NUnit.Framework.Internal.TaskAwaitAdapter.GenericAdapter`1.GetResult()\r\n   at NUnit.Framework.Internal.AsyncToSyncAdapter.Await(Func`1 invoke)\r\n   at NUnit.Framework.Internal.Commands.TestMethodCommand.RunTestMethod(TestExecutionContext context)\r\n   at NUnit.Framework.Internal.Commands.TestMethodCommand.Execute(TestExecutionContext context)\r\n   at NUnit.Framework.Internal.Commands.BeforeAndAfterTestCommand.<>c__DisplayClass1_0.<Execute>b__0()\r\n   at NUnit.Framework.Internal.Commands.DelegatingTestCommand.RunTestMethodInThreadAbortSafeZone(TestExecutionContext context, Action action)\n","DisplayName":"DownloadFile_FileExists_ReturnsOkWithFile","Messages":[],"ComputerName":"LAPTOP-4R34311P","Duration":"00:00:00.0020450","StartTime":"2024-10-24T13:08:43.8614067+00:00","EndTime":"2024-10-24T13:08:43.8634513+00:00","Properties":[{"Key":{"Id":"NUnit.Seed","Label":"Seed","Category":"","Description":"","Attributes":0,"ValueType":"System.String"},"Value":"9369883"}]},{"TestCase":{"Id":"008d7290-0e02-a26e-28cc-2613ecbd6b14","FullyQualifiedName":"FileDownloadTests.EmptyConnectionStringTest_ReturnsInternalServerError","DisplayName":"EmptyConnectionStringTest_ReturnsInternalServerError","ExecutorUri":"executor://NUnit3TestExecutor","Source":"C:\\Users\\ARNAV\\Desktop\\Software Engineering\\Lab Project\\Demos\\Development\\FA1\\SECloudTest\\bin\\Debug\\net8.0\\fine-code-coverage\\build-output\\SECloudTest.dll","CodeFilePath":null,"LineNumber":0,"Properties":[{"Key":{"Id":"NUnit.Seed","Label":"Seed","Category":"","Description":"","Attributes":0,"ValueType":"System.String"},"Value":"239672648"}]},"Attachments":[],"Outcome":2,"ErrorMessage":"System.NotSupportedException : Unsupported expression: req => req.CreateResponse(HttpStatusCode.InternalServerError)\r\nExtension methods (here: HttpRequestDataExtensions.CreateResponse) may not be used in setup / verification expressions.","ErrorStackTrace":"   at Moq.Guard.IsOverridable(MethodInfo method, Expression expression) in /_/src/Moq/Guard.cs:line 87\r\n   at Moq.MethodExpectation..ctor(LambdaExpression expression, MethodInfo method, IReadOnlyList`1 arguments, Boolean exactGenericTypeArguments, Boolean skipMatcherInitialization, Boolean allowNonOverridable) in /_/src/Moq/MethodExpectation.cs:line 87\r\n   at Moq.ExpressionExtensions.<Split>g__Split|5_0(Expression e, Expression& r, MethodExpectation& p, Boolean assignment, Boolean allowNonOverridableLastProperty) in /_/src/Moq/ExpressionExtensions.cs:line 235\r\n   at Moq.ExpressionExtensions.Split(LambdaExpression expression, Boolean allowNonOverridableLastProperty) in /_/src/Moq/ExpressionExtensions.cs:line 149\r\n   at Moq.Mock.SetupRecursive[TSetup](Mock mock, LambdaExpression expression, Func`4 setupLast, Boolean allowNonOverridableLastProperty) in /_/src/Moq/Mock.cs:line 645\r\n   at Moq.Mock.Setup(Mock mock, LambdaExpression expression, Condition condition) in /_/src/Moq/Mock.cs:line 500\r\n   at Moq.Mock`1.Setup[TResult](Expression`1 expression) in /_/src/Moq/Mock`1.cs:line 452\r\n   at FileDownloadTests.EmptyConnectionStringTest_ReturnsInternalServerError() in C:\\Users\\ARNAV\\Desktop\\Software Engineering\\Lab Project\\Demos\\Development\\FA1\\SECloudTest\\FileDownloadTests.cs:line 123\r\n   at NUnit.Framework.Internal.TaskAwaitAdapter.GenericAdapter`1.GetResult()\r\n   at NUnit.Framework.Internal.AsyncToSyncAdapter.Await(Func`1 invoke)\r\n   at NUnit.Framework.Internal.Commands.TestMethodCommand.RunTestMethod(TestExecutionContext context)\r\n   at NUnit.Framework.Internal.Commands.TestMethodCommand.Execute(TestExecutionContext context)\r\n   at NUnit.Framework.Internal.Commands.BeforeAndAfterTestCommand.<>c__DisplayClass1_0.<Execute>b__0()\r\n   at NUnit.Framework.Internal.Commands.DelegatingTestCommand.RunTestMethodInThreadAbortSafeZone(TestExecutionContext context, Action action)\n","DisplayName":"EmptyConnectionStringTest_ReturnsInternalServerError","Messages":[],"ComputerName":"LAPTOP-4R34311P","Duration":"00:00:00.0008700","StartTime":"2024-10-24T13:08:43.8634667+00:00","EndTime":"2024-10-24T13:08:43.8643362+00:00","Properties":[{"Key":{"Id":"NUnit.Seed","Label":"Seed","Category":"","Description":"","Attributes":0,"ValueType":"System.String"},"Value":"239672648"}]},{"TestCase":{"Id":"0c4a0348-a430-2fd2-bf10-2ac52f27efef","FullyQualifiedName":"FileUploadTests.UploadFile_EmptyFile_ReturnsBadRequest","DisplayName":"UploadFile_EmptyFile_ReturnsBadRequest","ExecutorUri":"executor://NUnit3TestExecutor","Source":"C:\\Users\\ARNAV\\Desktop\\Software Engineering\\Lab Project\\Demos\\Development\\FA1\\SECloudTest\\bin\\Debug\\net8.0\\fine-code-coverage\\build-output\\SECloudTest.dll","CodeFilePath":null,"LineNumber":0,"Properties":[{"Key":{"Id":"NUnit.Seed","Label":"Seed","Category":"","Description":"","Attributes":0,"ValueType":"System.String"},"Value":"1563379651"}]},"Attachments":[],"Outcome":2,"ErrorMessage":"System.NotSupportedException : Unsupported expression: r => r.CreateResponse(HttpStatusCode.BadRequest)\r\nExtension methods (here: HttpRequestDataExtensions.CreateResponse) may not be used in setup / verification expressions.","ErrorStackTrace":"   at Moq.Guard.IsOverridable(MethodInfo method, Expression expression) in /_/src/Moq/Guard.cs:line 87\r\n   at Moq.MethodExpectation..ctor(LambdaExpression expression, MethodInfo method, IReadOnlyList`1 arguments, Boolean exactGenericTypeArguments, Boolean skipMatcherInitialization, Boolean allowNonOverridable) in /_/src/Moq/MethodExpectation.cs:line 87\r\n   at Moq.ExpressionExtensions.<Split>g__Split|5_0(Expression e, Expression& r, MethodExpectation& p, Boolean assignment, Boolean allowNonOverridableLastProperty) in /_/src/Moq/ExpressionExtensions.cs:line 235\r\n   at Moq.ExpressionExtensions.Split(LambdaExpression expression, Boolean allowNonOverridableLastProperty) in /_/src/Moq/ExpressionExtensions.cs:line 149\r\n   at Moq.Mock.SetupRecursive[TSetup](Mock mock, LambdaExpression expression, Func`4 setupLast, Boolean allowNonOverridableLastProperty) in /_/src/Moq/Mock.cs:line 645\r\n   at Moq.Mock.Setup(Mock mock, LambdaExpression expression, Condition condition) in /_/src/Moq/Mock.cs:line 500\r\n   at Moq.Mock`1.Setup[TResult](Expression`1 expression) in /_/src/Moq/Mock`1.cs:line 452\r\n   at FileUploadTests.UploadFile_EmptyFile_ReturnsBadRequest() in C:\\Users\\ARNAV\\Desktop\\Software Engineering\\Lab Project\\Demos\\Development\\FA1\\SECloudTest\\FileUploadTests.cs:line 116\r\n   at NUnit.Framework.Internal.TaskAwaitAdapter.GenericAdapter`1.GetResult()\r\n   at NUnit.Framework.Internal.AsyncToSyncAdapter.Await(Func`1 invoke)\r\n   at NUnit.Framework.Internal.Commands.TestMethodCommand.RunTestMethod(TestExecutionContext context)\r\n   at NUnit.Framework.Internal.Commands.TestMethodCommand.Execute(TestExecutionContext context)\r\n   at NUnit.Framework.Internal.Commands.BeforeAndAfterTestCommand.<>c__DisplayClass1_0.<Execute>b__0()\r\n   at NUnit.Framework.Internal.Commands.DelegatingTestCommand.RunTestMethodInThreadAbortSafeZone(TestExecutionContext context, Action action)\n","DisplayName":"UploadFile_EmptyFile_ReturnsBadRequest","Messages":[],"ComputerName":"LAPTOP-4R34311P","Duration":"00:00:00.0089780","StartTime":"2024-10-24T13:08:43.8644551+00:00","EndTime":"2024-10-24T13:08:43.8734321+00:00","Properties":[{"Key":{"Id":"NUnit.Seed","Label":"Seed","Category":"","Description":"","Attributes":0,"ValueType":"System.String"},"Value":"1563379651"}]},{"TestCase":{"Id":"04cdb355-937a-3b52-a774-8801497791ce","FullyQualifiedName":"FileUploadTests.UploadFile_ImageFile_ReturnsOk","DisplayName":"UploadFile_ImageFile_ReturnsOk","ExecutorUri":"executor://NUnit3TestExecutor","Source":"C:\\Users\\ARNAV\\Desktop\\Software Engineering\\Lab Project\\Demos\\Development\\FA1\\SECloudTest\\bin\\Debug\\net8.0\\fine-code-coverage\\build-output\\SECloudTest.dll","CodeFilePath":null,"LineNumber":0,"Properties":[{"Key":{"Id":"NUnit.Seed","Label":"Seed","Category":"","Description":"","Attributes":0,"ValueType":"System.String"},"Value":"1219731866"}]},"Attachments":[],"Outcome":2,"ErrorMessage":"System.NotSupportedException : Unsupported expression: r => r.CreateResponse(HttpStatusCode.OK)\r\nExtension methods (here: HttpRequestDataExtensions.CreateResponse) may not be used in setup / verification expressions.","ErrorStackTrace":"   at Moq.Guard.IsOverridable(MethodInfo method, Expression expression) in /_/src/Moq/Guard.cs:line 87\r\n   at Moq.MethodExpectation..ctor(LambdaExpression expression, MethodInfo method, IReadOnlyList`1 arguments, Boolean exactGenericTypeArguments, Boolean skipMatcherInitialization, Boolean allowNonOverridable) in /_/src/Moq/MethodExpectation.cs:line 87\r\n   at Moq.ExpressionExtensions.<Split>g__Split|5_0(Expression e, Expression& r, MethodExpectation& p, Boolean assignment, Boolean allowNonOverridableLastProperty) in /_/src/Moq/ExpressionExtensions.cs:line 235\r\n   at Moq.ExpressionExtensions.Split(LambdaExpression expression, Boolean allowNonOverridableLastProperty) in /_/src/Moq/ExpressionExtensions.cs:line 149\r\n   at Moq.Mock.SetupRecursive[TSetup](Mock mock, LambdaExpression expression, Func`4 setupLast, Boolean allowNonOverridableLastProperty) in /_/src/Moq/Mock.cs:line 645\r\n   at Moq.Mock.Setup(Mock mock, LambdaExpression expression, Condition condition) in /_/src/Moq/Mock.cs:line 500\r\n   at Moq.Mock`1.Setup[TResult](Expression`1 expression) in /_/src/Moq/Mock`1.cs:line 452\r\n   at FileUploadTests.UploadFile_ImageFile_ReturnsOk() in C:\\Users\\ARNAV\\Desktop\\Software Engineering\\Lab Project\\Demos\\Development\\FA1\\SECloudTest\\FileUploadTests.cs:line 135\r\n   at NUnit.Framework.Internal.TaskAwaitAdapter.GenericAdapter`1.GetResult()\r\n   at NUnit.Framework.Internal.AsyncToSyncAdapter.Await(Func`1 invoke)\r\n   at NUnit.Framework.Internal.Commands.TestMethodCommand.RunTestMethod(TestExecutionContext context)\r\n   at NUnit.Framework.Internal.Commands.TestMethodCommand.Execute(TestExecutionContext context)\r\n   at NUnit.Framework.Internal.Commands.BeforeAndAfterTestCommand.<>c__DisplayClass1_0.<Execute>b__0()\r\n   at NUnit.Framework.Internal.Commands.DelegatingTestCommand.RunTestMethodInThreadAbortSafeZone(TestExecutionContext context, Action action)\n","DisplayName":"UploadFile_ImageFile_ReturnsOk","Messages":[],"ComputerName":"LAPTOP-4R34311P","Duration":"00:00:00.0020590","StartTime":"2024-10-24T13:08:43.873462+00:00","EndTime":"2024-10-24T13:08:43.8755202+00:00","Properties":[{"Key":{"Id":"NUnit.Seed","Label":"Seed","Category":"","Description":"","Attributes":0,"ValueType":"System.String"},"Value":"1219731866"}]}],"TestRunStatistics":{"ExecutedTests":9,"Stats":{"Failed":9}},"ActiveTests":[{"Id":"3bd4e16a-28a1-d035-f90d-853042fe0609","FullyQualifiedName":"FileUploadTests.UploadFile_InvalidContentType_ReturnsBadRequest","DisplayName":"UploadFile_InvalidContentType_ReturnsBadRequest","ExecutorUri":"executor://NUnit3TestExecutor","Source":"C:\\Users\\ARNAV\\Desktop\\Software Engineering\\Lab Project\\Demos\\Development\\FA1\\SECloudTest\\bin\\Debug\\net8.0\\fine-code-coverage\\build-output\\SECloudTest.dll","CodeFilePath":null,"LineNumber":0,"Properties":[{"Key":{"Id":"NUnit.Seed","Label":"Seed","Category":"","Description":"","Attributes":0,"ValueType":"System.String"},"Value":"63864577"}]}]}}
TpTrace Verbose: 0 : 17836, 13, 2024/10/24, 18:38:43.999, 2487703453958, vstest.console.dll, TestRunRequest:SendTestRunStatsChange: Starting.
TpTrace Verbose: 0 : 17836, 13, 2024/10/24, 18:38:43.999, 2487703456063, vstest.console.dll, InProgress is UploadFile_InvalidContentType_ReturnsBadRequest
TpTrace Verbose: 0 : 17836, 13, 2024/10/24, 18:38:44.000, 2487703458753, vstest.console.dll, MulticastDelegateUtilities.SafeInvoke: TestRun.RunStatsChanged: Invoking callbacks was skipped because there are no subscribers.
TpTrace Information: 0 : 17836, 13, 2024/10/24, 18:38:44.000, 2487703459577, vstest.console.dll, TestRunRequest:SendTestRunStatsChange: Completed.
TpTrace Verbose: 0 : 17836, 13, 2024/10/24, 18:38:44.000, 2487703459890, vstest.console.dll, MulticastDelegateUtilities.SafeInvoke: LengthPrefixCommunicationChannel: MessageReceived: Invoking callback 1/1 for Microsoft.VisualStudio.TestPlatform.CommunicationUtilities.TestRequestSender+<>c__DisplayClass34_0., took 30 ms.
TpTrace Verbose: 0 : 17836, 13, 2024/10/24, 18:38:44.000, 2487703460270, vstest.console.dll, TcpClientExtensions.MessageLoopAsync: Polling on remoteEndPoint: 127.0.0.1:63043 localEndPoint: 127.0.0.1:63042 after 396 ms
TpTrace Verbose: 0 : 17836, 4, 2024/10/24, 18:38:44.003, 2487703493578, vstest.console.dll, MulticastDelegateUtilities.SafeInvoke: InternalTestLoggerEvents.SendTestResult: Invoking callback 1/1 for Microsoft.VisualStudio.TestPlatform.CommandLine.Internal.ConsoleLogger., took 3 ms.
TpTrace Verbose: 0 : 17836, 4, 2024/10/24, 18:38:44.004, 2487703501578, vstest.console.dll, MulticastDelegateUtilities.SafeInvoke: InternalTestLoggerEvents.SendTestResult: Invoking callback 1/1 for Microsoft.VisualStudio.TestPlatform.CommandLine.Internal.ConsoleLogger., took 0 ms.
TpTrace Verbose: 0 : 17836, 4, 2024/10/24, 18:38:44.004, 2487703506954, vstest.console.dll, MulticastDelegateUtilities.SafeInvoke: InternalTestLoggerEvents.SendTestResult: Invoking callback 1/1 for Microsoft.VisualStudio.TestPlatform.CommandLine.Internal.ConsoleLogger., took 0 ms.
TpTrace Verbose: 0 : 17836, 4, 2024/10/24, 18:38:44.005, 2487703509326, vstest.console.dll, MulticastDelegateUtilities.SafeInvoke: InternalTestLoggerEvents.SendTestResult: Invoking callback 1/1 for Microsoft.VisualStudio.TestPlatform.CommandLine.Internal.ConsoleLogger., took 0 ms.
TpTrace Verbose: 0 : 17836, 4, 2024/10/24, 18:38:44.005, 2487703512273, vstest.console.dll, MulticastDelegateUtilities.SafeInvoke: InternalTestLoggerEvents.SendTestResult: Invoking callback 1/1 for Microsoft.VisualStudio.TestPlatform.CommandLine.Internal.ConsoleLogger., took 0 ms.
TpTrace Verbose: 0 : 17836, 4, 2024/10/24, 18:38:44.005, 2487703514959, vstest.console.dll, MulticastDelegateUtilities.SafeInvoke: InternalTestLoggerEvents.SendTestResult: Invoking callback 1/1 for Microsoft.VisualStudio.TestPlatform.CommandLine.Internal.ConsoleLogger., took 0 ms.
TpTrace Verbose: 0 : 17836, 4, 2024/10/24, 18:38:44.006, 2487703518189, vstest.console.dll, MulticastDelegateUtilities.SafeInvoke: InternalTestLoggerEvents.SendTestResult: Invoking callback 1/1 for Microsoft.VisualStudio.TestPlatform.CommandLine.Internal.ConsoleLogger., took 0 ms.
TpTrace Verbose: 0 : 17836, 4, 2024/10/24, 18:38:44.006, 2487703521788, vstest.console.dll, MulticastDelegateUtilities.SafeInvoke: InternalTestLoggerEvents.SendTestResult: Invoking callback 1/1 for Microsoft.VisualStudio.TestPlatform.CommandLine.Internal.ConsoleLogger., took 0 ms.
TpTrace Verbose: 0 : 17836, 4, 2024/10/24, 18:38:44.006, 2487703526164, vstest.console.dll, MulticastDelegateUtilities.SafeInvoke: InternalTestLoggerEvents.SendTestResult: Invoking callback 1/1 for Microsoft.VisualStudio.TestPlatform.CommandLine.Internal.ConsoleLogger., took 0 ms.
TpTrace Verbose: 0 : 17836, 13, 2024/10/24, 18:38:45.014, 2487713602557, vstest.console.dll, TcpClientExtensions.MessageLoopAsync: Polling on remoteEndPoint: 127.0.0.1:63043 localEndPoint: 127.0.0.1:63042 after 1014 ms
TpTrace Verbose: 0 : 17836, 13, 2024/10/24, 18:38:45.148, 2487714937632, vstest.console.dll, TcpClientExtensions.MessageLoopAsync: NotifyDataAvailable remoteEndPoint: 127.0.0.1:63043 localEndPoint: 127.0.0.1:63042
TpTrace Verbose: 0 : 17836, 13, 2024/10/24, 18:38:45.148, 2487714941480, vstest.console.dll, TestRequestSender.OnExecutionMessageReceived: Received message: {"Version":7,"MessageType":"TestSession.Message","Payload":{"MessageLevel":0,"Message":"NUnit Adapter 4.5.0.0: Test execution complete"}}
TpTrace Verbose: 0 : 17836, 13, 2024/10/24, 18:38:45.148, 2487714943693, vstest.console.dll, TestRunRequest:SendTestRunMessage: Starting.
TpTrace Verbose: 0 : 17836, 13, 2024/10/24, 18:38:45.148, 2487714944799, vstest.console.dll, MulticastDelegateUtilities.SafeInvoke: TestRun.LogMessages: Invoking callback 1/1 for Microsoft.VisualStudio.TestPlatform.CommandLine.TestRunResultAggregator., took 0 ms.
TpTrace Information: 0 : 17836, 13, 2024/10/24, 18:38:45.148, 2487714945228, vstest.console.dll, TestRunRequest:SendTestRunMessage: Completed.
TpTrace Verbose: 0 : 17836, 4, 2024/10/24, 18:38:45.148, 2487714945275, vstest.console.dll, MulticastDelegateUtilities.SafeInvoke: InternalTestLoggerEvents.SendTestRunMessage: Invoking callback 1/1 for Microsoft.VisualStudio.TestPlatform.CommandLine.Internal.ConsoleLogger., took 0 ms.
TpTrace Verbose: 0 : 17836, 13, 2024/10/24, 18:38:45.148, 2487714945770, vstest.console.dll, MulticastDelegateUtilities.SafeInvoke: LengthPrefixCommunicationChannel: MessageReceived: Invoking callback 1/1 for Microsoft.VisualStudio.TestPlatform.CommunicationUtilities.TestRequestSender+<>c__DisplayClass34_0., took 0 ms.
TpTrace Verbose: 0 : 17836, 13, 2024/10/24, 18:38:45.149, 2487714947924, vstest.console.dll, TcpClientExtensions.MessageLoopAsync: Polling on remoteEndPoint: 127.0.0.1:63043 localEndPoint: 127.0.0.1:63042 after 134 ms
TpTrace Verbose: 0 : 17836, 13, 2024/10/24, 18:38:45.182, 2487715282160, vstest.console.dll, TcpClientExtensions.MessageLoopAsync: NotifyDataAvailable remoteEndPoint: 127.0.0.1:63043 localEndPoint: 127.0.0.1:63042
TpTrace Verbose: 0 : 17836, 13, 2024/10/24, 18:38:45.182, 2487715286373, vstest.console.dll, TestRequestSender.OnExecutionMessageReceived: Received message: {"Version":7,"MessageType":"TestExecution.Completed","Payload":{"TestRunCompleteArgs":{"TestRunStatistics":{"ExecutedTests":13,"Stats":{"Failed":13}},"IsCanceled":false,"IsAborted":false,"Error":null,"AttachmentSets":[],"InvokedDataCollectors":[],"ElapsedTimeInRunningTests":"00:00:01.6828187","Metrics":{},"DiscoveredExtensions":{"TestDiscoverers":["NUnit.VisualStudio.TestAdapter.NUnit3TestDiscoverer, NUnit3.TestAdapter, Version=4.5.0.0, Culture=neutral, PublicKeyToken=4cb40d35494691ac"],"TestExecutors":["executor://NUnit3TestExecutor"],"TestExecutors2":[],"TestSettingsProviders":[]}},"LastRunTests":{"NewTestResults":[{"TestCase":{"Id":"3bd4e16a-28a1-d035-f90d-853042fe0609","FullyQualifiedName":"FileUploadTests.UploadFile_InvalidContentType_ReturnsBadRequest","DisplayName":"UploadFile_InvalidContentType_ReturnsBadRequest","ExecutorUri":"executor://NUnit3TestExecutor","Source":"C:\\Users\\ARNAV\\Desktop\\Software Engineering\\Lab Project\\Demos\\Development\\FA1\\SECloudTest\\bin\\Debug\\net8.0\\fine-code-coverage\\build-output\\SECloudTest.dll","CodeFilePath":null,"LineNumber":0,"Properties":[{"Key":{"Id":"NUnit.Seed","Label":"Seed","Category":"","Description":"","Attributes":0,"ValueType":"System.String"},"Value":"63864577"}]},"Attachments":[],"Outcome":2,"ErrorMessage":"System.NotSupportedException : Unsupported expression: r => r.CreateResponse(HttpStatusCode.BadRequest)\r\nExtension methods (here: HttpRequestDataExtensions.CreateResponse) may not be used in setup / verification expressions.","ErrorStackTrace":"   at Moq.Guard.IsOverridable(MethodInfo method, Expression expression) in /_/src/Moq/Guard.cs:line 87\r\n   at Moq.MethodExpectation..ctor(LambdaExpression expression, MethodInfo method, IReadOnlyList`1 arguments, Boolean exactGenericTypeArguments, Boolean skipMatcherInitialization, Boolean allowNonOverridable) in /_/src/Moq/MethodExpectation.cs:line 87\r\n   at Moq.ExpressionExtensions.<Split>g__Split|5_0(Expression e, Expression& r, MethodExpectation& p, Boolean assignment, Boolean allowNonOverridableLastProperty) in /_/src/Moq/ExpressionExtensions.cs:line 235\r\n   at Moq.ExpressionExtensions.Split(LambdaExpression expression, Boolean allowNonOverridableLastProperty) in /_/src/Moq/ExpressionExtensions.cs:line 149\r\n   at Moq.Mock.SetupRecursive[TSetup](Mock mock, LambdaExpression expression, Func`4 setupLast, Boolean allowNonOverridableLastProperty) in /_/src/Moq/Mock.cs:line 645\r\n   at Moq.Mock.Setup(Mock mock, LambdaExpression expression, Condition condition) in /_/src/Moq/Mock.cs:line 500\r\n   at Moq.Mock`1.Setup[TResult](Expression`1 expression) in /_/src/Moq/Mock`1.cs:line 452\r\n   at FileUploadTests.UploadFile_InvalidContentType_ReturnsBadRequest() in C:\\Users\\ARNAV\\Desktop\\Software Engineering\\Lab Project\\Demos\\Development\\FA1\\SECloudTest\\FileUploadTests.cs:line 74\r\n   at NUnit.Framework.Internal.TaskAwaitAdapter.GenericAdapter`1.GetResult()\r\n   at NUnit.Framework.Internal.AsyncToSyncAdapter.Await(Func`1 invoke)\r\n   at NUnit.Framework.Internal.Commands.TestMethodCommand.RunTestMethod(TestExecutionContext context)\r\n   at NUnit.Framework.Internal.Commands.TestMethodCommand.Execute(TestExecutionContext context)\r\n   at NUnit.Framework.Internal.Commands.BeforeAndAfterTestCommand.<>c__DisplayClass1_0.<Execute>b__0()\r\n   at NUnit.Framework.Internal.Commands.DelegatingTestCommand.RunTestMethodInThreadAbortSafeZone(TestExecutionContext context, Action action)\n","DisplayName":"UploadFile_InvalidContentType_ReturnsBadRequest","Messages":[],"ComputerName":"LAPTOP-4R34311P","Duration":"00:00:00.0014440","StartTime":"2024-10-24T13:08:43.8755432+00:00","EndTime":"2024-10-24T13:08:43.8769867+00:00","Properties":[{"Key":{"Id":"NUnit.Seed","Label":"Seed","Category":"","Description":"","Attributes":0,"ValueType":"System.String"},"Value":"63864577"}]},{"TestCase":{"Id":"48420139-1c0c-8021-cd36-e980100fb701","FullyQualifiedName":"FileUploadTests.UploadFile_InvalidFileSection_ReturnsBadRequest","DisplayName":"UploadFile_InvalidFileSection_ReturnsBadRequest","ExecutorUri":"executor://NUnit3TestExecutor","Source":"C:\\Users\\ARNAV\\Desktop\\Software Engineering\\Lab Project\\Demos\\Development\\FA1\\SECloudTest\\bin\\Debug\\net8.0\\fine-code-coverage\\build-output\\SECloudTest.dll","CodeFilePath":null,"LineNumber":0,"Properties":[{"Key":{"Id":"NUnit.Seed","Label":"Seed","Category":"","Description":"","Attributes":0,"ValueType":"System.String"},"Value":"630789706"}]},"Attachments":[],"Outcome":2,"ErrorMessage":"System.NotSupportedException : Unsupported expression: r => r.CreateResponse(HttpStatusCode.BadRequest)\r\nExtension methods (here: HttpRequestDataExtensions.CreateResponse) may not be used in setup / verification expressions.","ErrorStackTrace":"   at Moq.Guard.IsOverridable(MethodInfo method, Expression expression) in /_/src/Moq/Guard.cs:line 87\r\n   at Moq.MethodExpectation..ctor(LambdaExpression expression, MethodInfo method, IReadOnlyList`1 arguments, Boolean exactGenericTypeArguments, Boolean skipMatcherInitialization, Boolean allowNonOverridable) in /_/src/Moq/MethodExpectation.cs:line 87\r\n   at Moq.ExpressionExtensions.<Split>g__Split|5_0(Expression e, Expression& r, MethodExpectation& p, Boolean assignment, Boolean allowNonOverridableLastProperty) in /_/src/Moq/ExpressionExtensions.cs:line 235\r\n   at Moq.ExpressionExtensions.Split(LambdaExpression expression, Boolean allowNonOverridableLastProperty) in /_/src/Moq/ExpressionExtensions.cs:line 149\r\n   at Moq.Mock.SetupRecursive[TSetup](Mock mock, LambdaExpression expression, Func`4 setupLast, Boolean allowNonOverridableLastProperty) in /_/src/Moq/Mock.cs:line 645\r\n   at Moq.Mock.Setup(Mock mock, LambdaExpression expression, Condition condition) in /_/src/Moq/Mock.cs:line 500\r\n   at Moq.Mock`1.Setup[TResult](Expression`1 expression) in /_/src/Moq/Mock`1.cs:line 452\r\n   at FileUploadTests.UploadFile_InvalidFileSection_ReturnsBadRequest() in C:\\Users\\ARNAV\\Desktop\\Software Engineering\\Lab Project\\Demos\\Development\\FA1\\SECloudTest\\FileUploadTests.cs:line 174\r\n   at NUnit.Framework.Internal.TaskAwaitAdapter.GenericAdapter`1.GetResult()\r\n   at NUnit.Framework.Internal.AsyncToSyncAdapter.Await(Func`1 invoke)\r\n   at NUnit.Framework.Internal.Commands.TestMethodCommand.RunTestMethod(TestExecutionContext context)\r\n   at NUnit.Framework.Internal.Commands.TestMethodCommand.Execute(TestExecutionContext context)\r\n   at NUnit.Framework.Internal.Commands.BeforeAndAfterTestCommand.<>c__DisplayClass1_0.<Execute>b__0()\r\n   at NUnit.Framework.Internal.Commands.DelegatingTestCommand.RunTestMethodInThreadAbortSafeZone(TestExecutionContext context, Action action)\n","DisplayName":"UploadFile_InvalidFileSection_ReturnsBadRequest","Messages":[],"ComputerName":"LAPTOP-4R34311P","Duration":"00:00:00.0016510","StartTime":"2024-10-24T13:08:43.8770032+00:00","EndTime":"2024-10-24T13:08:43.8786541+00:00","Properties":[{"Key":{"Id":"NUnit.Seed","Label":"Seed","Category":"","Description":"","Attributes":0,"ValueType":"System.String"},"Value":"630789706"}]},{"TestCase":{"Id":"e1da77fd-1be0-36ba-336f-e0cb79fa3e35","FullyQualifiedName":"FileUploadTests.UploadFile_LargeFile_ReturnsOk","DisplayName":"UploadFile_LargeFile_ReturnsOk","ExecutorUri":"executor://NUnit3TestExecutor","Source":"C:\\Users\\ARNAV\\Desktop\\Software Engineering\\Lab Project\\Demos\\Development\\FA1\\SECloudTest\\bin\\Debug\\net8.0\\fine-code-coverage\\build-output\\SECloudTest.dll","CodeFilePath":null,"LineNumber":0,"Properties":[{"Key":{"Id":"NUnit.Seed","Label":"Seed","Category":"","Description":"","Attributes":0,"ValueType":"System.String"},"Value":"2105572292"}]},"Attachments":[],"Outcome":2,"ErrorMessage":"System.NotSupportedException : Unsupported expression: r => r.CreateResponse(HttpStatusCode.OK)\r\nExtension methods (here: HttpRequestDataExtensions.CreateResponse) may not be used in setup / verification expressions.","ErrorStackTrace":"   at Moq.Guard.IsOverridable(MethodInfo method, Expression expression) in /_/src/Moq/Guard.cs:line 87\r\n   at Moq.MethodExpectation..ctor(LambdaExpression expression, MethodInfo method, IReadOnlyList`1 arguments, Boolean exactGenericTypeArguments, Boolean skipMatcherInitialization, Boolean allowNonOverridable) in /_/src/Moq/MethodExpectation.cs:line 87\r\n   at Moq.ExpressionExtensions.<Split>g__Split|5_0(Expression e, Expression& r, MethodExpectation& p, Boolean assignment, Boolean allowNonOverridableLastProperty) in /_/src/Moq/ExpressionExtensions.cs:line 235\r\n   at Moq.ExpressionExtensions.Split(LambdaExpression expression, Boolean allowNonOverridableLastProperty) in /_/src/Moq/ExpressionExtensions.cs:line 149\r\n   at Moq.Mock.SetupRecursive[TSetup](Mock mock, LambdaExpression expression, Func`4 setupLast, Boolean allowNonOverridableLastProperty) in /_/src/Moq/Mock.cs:line 645\r\n   at Moq.Mock.Setup(Mock mock, LambdaExpression expression, Condition condition) in /_/src/Moq/Mock.cs:line 500\r\n   at Moq.Mock`1.Setup[TResult](Expression`1 expression) in /_/src/Moq/Mock`1.cs:line 452\r\n   at FileUploadTests.UploadFile_LargeFile_ReturnsOk() in C:\\Users\\ARNAV\\Desktop\\Software Engineering\\Lab Project\\Demos\\Development\\FA1\\SECloudTest\\FileUploadTests.cs:line 155\r\n   at NUnit.Framework.Internal.TaskAwaitAdapter.GenericAdapter`1.GetResult()\r\n   at NUnit.Framework.Internal.AsyncToSyncAdapter.Await(Func`1 invoke)\r\n   at NUnit.Framework.Internal.Commands.TestMethodCommand.RunTestMethod(TestExecutionContext context)\r\n   at NUnit.Framework.Internal.Commands.TestMethodCommand.Execute(TestExecutionContext context)\r\n   at NUnit.Framework.Internal.Commands.BeforeAndAfterTestCommand.<>c__DisplayClass1_0.<Execute>b__0()\r\n   at NUnit.Framework.Internal.Commands.DelegatingTestCommand.RunTestMethodInThreadAbortSafeZone(TestExecutionContext context, Action action)\n","DisplayName":"UploadFile_LargeFile_ReturnsOk","Messages":[],"ComputerName":"LAPTOP-4R34311P","Duration":"00:00:01.2468100","StartTime":"2024-10-24T13:08:43.8787432+00:00","EndTime":"2024-10-24T13:08:45.1255503+00:00","Properties":[{"Key":{"Id":"NUnit.Seed","Label":"Seed","Category":"","Description":"","Attributes":0,"ValueType":"System.String"},"Value":"2105572292"}]},{"TestCase":{"Id":"1146c72e-f17c-9348-cef8-ddc0d154c494","FullyQualifiedName":"FileUploadTests.UploadFile_ValidRequest_ReturnsOk","DisplayName":"UploadFile_ValidRequest_ReturnsOk","ExecutorUri":"executor://NUnit3TestExecutor","Source":"C:\\Users\\ARNAV\\Desktop\\Software Engineering\\Lab Project\\Demos\\Development\\FA1\\SECloudTest\\bin\\Debug\\net8.0\\fine-code-coverage\\build-output\\SECloudTest.dll","CodeFilePath":null,"LineNumber":0,"Properties":[{"Key":{"Id":"NUnit.Seed","Label":"Seed","Category":"","Description":"","Attributes":0,"ValueType":"System.String"},"Value":"939129139"}]},"Attachments":[],"Outcome":2,"ErrorMessage":"System.NotSupportedException : Unsupported expression: r => r.CreateResponse(HttpStatusCode.OK)\r\nExtension methods (here: HttpRequestDataExtensions.CreateResponse) may not be used in setup / verification expressions.","ErrorStackTrace":"   at Moq.Guard.IsOverridable(MethodInfo method, Expression expression) in /_/src/Moq/Guard.cs:line 87\r\n   at Moq.MethodExpectation..ctor(LambdaExpression expression, MethodInfo method, IReadOnlyList`1 arguments, Boolean exactGenericTypeArguments, Boolean skipMatcherInitialization, Boolean allowNonOverridable) in /_/src/Moq/MethodExpectation.cs:line 87\r\n   at Moq.ExpressionExtensions.<Split>g__Split|5_0(Expression e, Expression& r, MethodExpectation& p, Boolean assignment, Boolean allowNonOverridableLastProperty) in /_/src/Moq/ExpressionExtensions.cs:line 235\r\n   at Moq.ExpressionExtensions.Split(LambdaExpression expression, Boolean allowNonOverridableLastProperty) in /_/src/Moq/ExpressionExtensions.cs:line 149\r\n   at Moq.Mock.SetupRecursive[TSetup](Mock mock, LambdaExpression expression, Func`4 setupLast, Boolean allowNonOverridableLastProperty) in /_/src/Moq/Mock.cs:line 645\r\n   at Moq.Mock.Setup(Mock mock, LambdaExpression expression, Condition condition) in /_/src/Moq/Mock.cs:line 500\r\n   at Moq.Mock`1.Setup[TResult](Expression`1 expression) in /_/src/Moq/Mock`1.cs:line 452\r\n   at FileUploadTests.UploadFile_ValidRequest_ReturnsOk() in C:\\Users\\ARNAV\\Desktop\\Software Engineering\\Lab Project\\Demos\\Development\\FA1\\SECloudTest\\FileUploadTests.cs:line 56\r\n   at NUnit.Framework.Internal.TaskAwaitAdapter.GenericAdapter`1.GetResult()\r\n   at NUnit.Framework.Internal.AsyncToSyncAdapter.Await(Func`1 invoke)\r\n   at NUnit.Framework.Internal.Commands.TestMethodCommand.RunTestMethod(TestExecutionContext context)\r\n   at NUnit.Framework.Internal.Commands.TestMethodCommand.Execute(TestExecutionContext context)\r\n   at NUnit.Framework.Internal.Commands.BeforeAndAfterTestCommand.<>c__DisplayClass1_0.<Execute>b__0()\r\n   at NUnit.Framework.Internal.Commands.DelegatingTestCommand.RunTestMethodInThreadAbortSafeZone(TestExecutionContext context, Action action)\n","DisplayName":"UploadFile_ValidRequest_ReturnsOk","Messages":[],"ComputerName":"LAPTOP-4R34311P","Duration":"00:00:00.0023690","StartTime":"2024-10-24T13:08:45.1256225+00:00","EndTime":"2024-10-24T13:08:45.1279907+00:00","Properties":[{"Key":{"Id":"NUnit.Seed","Label":"Seed","Category":"","Description":"","Attributes":0,"ValueType":"System.String"},"Value":"939129139"}]}],"TestRunStatistics":{"ExecutedTests":13,"Stats":{"Failed":13}},"ActiveTests":[]},"RunAttachments":[],"ExecutorUris":["executor://nunit3testexecutor/"]}}
TpTrace Verbose: 0 : 17836, 13, 2024/10/24, 18:38:45.183, 2487715289572, vstest.console.dll, TestRequestSender.EndSession: Sending end session.
TpTrace Verbose: 0 : 17836, 13, 2024/10/24, 18:38:45.183, 2487715292178, vstest.console.dll, ProxyOperationManager.Close: waiting for test host to exit for 100 ms
TpTrace Verbose: 0 : 17836, 12, 2024/10/24, 18:38:45.274, 2487716203662, vstest.console.dll, TestHostManagerCallbacks.ctor: Experimental forwarding output is disabled.
TpTrace Warning: 0 : 17836, 12, 2024/10/24, 18:38:45.274, 2487716206929, vstest.console.dll, TestHostManagerCallbacks.ErrorReceivedCallback Test host standard error line: 
TpTrace Warning: 0 : 17836, 13, 2024/10/24, 18:38:45.295, 2487716412312, vstest.console.dll, ProxyOperationManager: Timed out waiting for test host to exit. Will terminate process.
TpTrace Information: 0 : 17836, 13, 2024/10/24, 18:38:45.296, 2487716418100, vstest.console.dll, SocketServer.Stop: Stop server endPoint: 127.0.0.1:63042
TpTrace Information: 0 : 17836, 13, 2024/10/24, 18:38:45.296, 2487716419485, vstest.console.dll, SocketServer.Stop: Cancellation requested. Stopping message loop.
TpTrace Information: 0 : 17836, 13, 2024/10/24, 18:38:45.296, 2487716423407, vstest.console.dll, Closing the connection
TpTrace Verbose: 0 : 17836, 13, 2024/10/24, 18:38:45.407, 2487717528377, vstest.console.dll, TestHostProvider.ExitCallBack: Host exited starting callback.
TpTrace Information: 0 : 17836, 13, 2024/10/24, 18:38:45.407, 2487717530361, vstest.console.dll, TestHostManagerCallbacks.ExitCallBack: Testhost processId: 312 exited with exitcode: 0 error: ''
TpTrace Verbose: 0 : 17836, 13, 2024/10/24, 18:38:45.407, 2487717531378, vstest.console.dll, DotnetTestHostManager.OnHostExited: invoking OnHostExited callback
TpTrace Verbose: 0 : 17836, 13, 2024/10/24, 18:38:45.407, 2487717532319, vstest.console.dll, CrossPlatEngine.TestHostManagerHostExited: calling on client process exit callback.
TpTrace Information: 0 : 17836, 13, 2024/10/24, 18:38:45.407, 2487717533365, vstest.console.dll, TestRequestSender.OnClientProcessExit: Test host process exited. Standard error: 
TpTrace Information: 0 : 17836, 13, 2024/10/24, 18:38:45.407, 2487717533760, vstest.console.dll, SocketServer.Stop: Stop server endPoint: 127.0.0.1:63042
TpTrace Information: 0 : 17836, 13, 2024/10/24, 18:38:45.407, 2487717534145, vstest.console.dll, SocketServer.Stop: Cancellation requested. Stopping message loop.
TpTrace Verbose: 0 : 17836, 13, 2024/10/24, 18:38:45.407, 2487717536343, vstest.console.dll, MulticastDelegateUtilities.SafeInvoke: HostProviderEvents.OnHostExited: Invoking callback 1/1 for Microsoft.VisualStudio.TestPlatform.CrossPlatEngine.Client.ProxyOperationManager., took 0 ms.
TpTrace Verbose: 0 : 17836, 13, 2024/10/24, 18:38:45.408, 2487717541192, vstest.console.dll, ProxyDataCollectionManager.InvokeDataCollectionServiceAction: Starting.
TpTrace Information: 0 : 17836, 13, 2024/10/24, 18:38:45.408, 2487717541888, vstest.console.dll, ProxyDataCollectionManager.AfterTestRunEnd: Get attachment set and invoked data collectors processId: 22008 port: 63039
TpTrace Verbose: 0 : 17836, 13, 2024/10/24, 18:38:45.408, 2487717542464, vstest.console.dll, DataCollectionRequestSender.SendAfterTestRunStartAndGetResult: Send AfterTestRunEnd message with isCancelled: False
TpTrace Verbose: 0 : 17836, 13, 2024/10/24, 18:38:45.420, 2487717664380, vstest.console.dll, DataCollectionRequestSender.SendAfterTestRunStartAndGetResult: Received message: (DataCollection.AfterTestRunEndResult) -> {"MessageType":"DataCollection.AfterTestRunEndResult","Payload":{"AttachmentSets":[],"InvokedDataCollectors":[{"Uri":"datacollector://Microsoft/TestPlatform/Extensions/Blame/v1","FriendlyName":"Blame","AssemblyQualifiedName":"Microsoft.TestPlatform.Extensions.BlameDataCollector.BlameCollector, Microsoft.TestPlatform.Extensions.BlameDataCollector, Version=15.0.0.0, Culture=neutral, PublicKeyToken=b03f5f7f11d50a3a","FilePath":"C:\\Program Files\\dotnet\\sdk\\8.0.303\\Extensions\\Microsoft.TestPlatform.Extensions.BlameDataCollector.dll","HasAttachmentProcessor":false}],"Metrics":{}}}
TpTrace Warning: 0 : 17836, 10, 2024/10/24, 18:38:45.428, 2487717740674, vstest.console.dll, DataCollectionLauncher.ErrorReceivedCallback datacollector standard error line: 
TpTrace Information: 0 : 17836, 13, 2024/10/24, 18:38:45.432, 2487717784487, vstest.console.dll, ProxyDataCollectionManager.InvokeDataCollectionServiceAction: Completed.
TpTrace Information: 0 : 17836, 10, 2024/10/24, 18:38:45.437, 2487717829358, vstest.console.dll, DataCollectionLauncher.ExitCallBack: Data collector exited with exitcode: 0 error: ''
TpTrace Verbose: 0 : 17836, 13, 2024/10/24, 18:38:45.495, 2487718409327, vstest.console.dll, TestRunRequest:SendTestRunStatsChange: Starting.
TpTrace Verbose: 0 : 17836, 13, 2024/10/24, 18:38:45.495, 2487718411147, vstest.console.dll, MulticastDelegateUtilities.SafeInvoke: TestRun.RunStatsChanged: Invoking callbacks was skipped because there are no subscribers.
TpTrace Information: 0 : 17836, 13, 2024/10/24, 18:38:45.495, 2487718411650, vstest.console.dll, TestRunRequest:SendTestRunStatsChange: Completed.
TpTrace Verbose: 0 : 17836, 13, 2024/10/24, 18:38:45.495, 2487718415749, vstest.console.dll, ParallelProxyExecutionManager: HandlePartialRunComplete: Total workloads = 1, Total started clients = 1 Total completed clients = 1, Run complete = True, Run canceled: False.
TpTrace Verbose: 0 : 17836, 13, 2024/10/24, 18:38:45.495, 2487718416237, vstest.console.dll, ParallelProxyExecutionManager: HandlePartialRunComplete: All runs completed stopping all managers.
TpTrace Verbose: 0 : 17836, 13, 2024/10/24, 18:38:45.495, 2487718417185, vstest.console.dll, ParallelOperationManager.StopAllManagers: Stopping all managers.
TpTrace Verbose: 0 : 17836, 13, 2024/10/24, 18:38:45.496, 2487718418431, vstest.console.dll, ParallelOperationManager.ClearSlots: Clearing all slots. Slots should accept more work: False
TpTrace Verbose: 0 : 17836, 4, 2024/10/24, 18:38:45.496, 2487718419165, vstest.console.dll, MulticastDelegateUtilities.SafeInvoke: InternalTestLoggerEvents.SendTestResult: Invoking callback 1/1 for Microsoft.VisualStudio.TestPlatform.CommandLine.Internal.ConsoleLogger., took 0 ms.
TpTrace Verbose: 0 : 17836, 13, 2024/10/24, 18:38:45.496, 2487718419492, vstest.console.dll, ParallelOperationManager.SetOccupiedSlotCount: Setting slot counts AvailableSlotCount = 1, OccupiedSlotCount = 0.
TpTrace Verbose: 0 : 17836, 13, 2024/10/24, 18:38:45.496, 2487718422495, vstest.console.dll, Occupied slots:

TpTrace Verbose: 0 : 17836, 4, 2024/10/24, 18:38:45.496, 2487718423236, vstest.console.dll, MulticastDelegateUtilities.SafeInvoke: InternalTestLoggerEvents.SendTestResult: Invoking callback 1/1 for Microsoft.VisualStudio.TestPlatform.CommandLine.Internal.ConsoleLogger., took 0 ms.
TpTrace Verbose: 0 : 17836, 4, 2024/10/24, 18:38:45.496, 2487718426722, vstest.console.dll, MulticastDelegateUtilities.SafeInvoke: InternalTestLoggerEvents.SendTestResult: Invoking callback 1/1 for Microsoft.VisualStudio.TestPlatform.CommandLine.Internal.ConsoleLogger., took 0 ms.
TpTrace Verbose: 0 : 17836, 4, 2024/10/24, 18:38:45.497, 2487718429794, vstest.console.dll, MulticastDelegateUtilities.SafeInvoke: InternalTestLoggerEvents.SendTestResult: Invoking callback 1/1 for Microsoft.VisualStudio.TestPlatform.CommandLine.Internal.ConsoleLogger., took 0 ms.
TpTrace Verbose: 0 : 17836, 4, 2024/10/24, 18:38:45.507, 2487718529202, vstest.console.dll, MulticastDelegateUtilities.SafeInvoke: InternalTestLoggerEvents.SendTestRunComplete: Invoking callback 1/2 for Microsoft.TestPlatform.Extensions.BlameDataCollector.BlameLogger., took 0 ms.
TpTrace Verbose: 0 : 17836, 4, 2024/10/24, 18:38:45.514, 2487718603062, vstest.console.dll, MulticastDelegateUtilities.SafeInvoke: InternalTestLoggerEvents.SendTestRunComplete: Invoking callback 2/2 for Microsoft.VisualStudio.TestPlatform.CommandLine.Internal.ConsoleLogger., took 7 ms.
TpTrace Verbose: 0 : 17836, 13, 2024/10/24, 18:38:45.515, 2487718609766, vstest.console.dll, TestRunRequest:TestRunComplete: Starting. IsAborted:False IsCanceled:False.
TpTrace Verbose: 0 : 17836, 13, 2024/10/24, 18:38:45.515, 2487718613973, vstest.console.dll, ParallelOperationManager.DoActionOnAllManagers: Calling an action on all managers.
TpTrace Verbose: 0 : 17836, 13, 2024/10/24, 18:38:45.517, 2487718632598, vstest.console.dll, TestLoggerManager.HandleTestRunComplete: Ignoring as the object is disposed.
TpTrace Verbose: 0 : 17836, 13, 2024/10/24, 18:38:45.517, 2487718636053, vstest.console.dll, MulticastDelegateUtilities.SafeInvoke: TestRun.TestRunComplete: Invoking callback 1/2 for Microsoft.VisualStudio.TestPlatform.CommandLine.TestRunResultAggregator., took 0 ms.
TpTrace Verbose: 0 : 17836, 13, 2024/10/24, 18:38:45.518, 2487718637664, vstest.console.dll, MulticastDelegateUtilities.SafeInvoke: TestRun.TestRunComplete: Invoking callback 2/2 for Microsoft.VisualStudio.TestPlatform.CommandLine.Processors.RunTestsArgumentExecutor+TestRunRequestEventsRegistrar., took 0 ms.
TpTrace Information: 0 : 17836, 13, 2024/10/24, 18:38:45.518, 2487718638792, vstest.console.dll, TestRunRequest:TestRunComplete: Completed.
TpTrace Verbose: 0 : 17836, 13, 2024/10/24, 18:38:45.518, 2487718639241, vstest.console.dll, TestRequestSender.SetOperationComplete: Setting operation complete.
TpTrace Information: 0 : 17836, 13, 2024/10/24, 18:38:45.518, 2487718639539, vstest.console.dll, SocketServer.Stop: Stop server endPoint: 127.0.0.1:63042
TpTrace Information: 0 : 17836, 13, 2024/10/24, 18:38:45.518, 2487718639803, vstest.console.dll, SocketServer.Stop: Cancellation requested. Stopping message loop.
TpTrace Verbose: 0 : 17836, 13, 2024/10/24, 18:38:45.518, 2487718640110, vstest.console.dll, MulticastDelegateUtilities.SafeInvoke: LengthPrefixCommunicationChannel: MessageReceived: Invoking callback 1/1 for Microsoft.VisualStudio.TestPlatform.CommunicationUtilities.TestRequestSender+<>c__DisplayClass34_0., took 335 ms.
TpTrace Verbose: 0 : 17836, 1, 2024/10/24, 18:38:45.518, 2487718639991, vstest.console.dll, TestRunRequest.Dispose: Starting.
TpTrace Information: 0 : 17836, 1, 2024/10/24, 18:38:45.518, 2487718641919, vstest.console.dll, TestRunRequest.Dispose: Completed.
TpTrace Information: 0 : 17836, 13, 2024/10/24, 18:38:45.518, 2487718640577, vstest.console.dll, SocketServer.PrivateStop: Stopping server endPoint: 127.0.0.1:63042 error: 
TpTrace Information: 0 : 17836, 1, 2024/10/24, 18:38:45.518, 2487718642322, vstest.console.dll, TestRequestManager.RunTests: run tests completed.
TpTrace Information: 0 : 17836, 1, 2024/10/24, 18:38:45.518, 2487718645046, vstest.console.dll, RunTestsArgumentProcessor:Execute: Test run is completed.
TpTrace Verbose: 0 : 17836, 1, 2024/10/24, 18:38:45.519, 2487718648292, vstest.console.dll, Executor.Execute: Exiting with exit code of 1
TpTrace Verbose: 0 : 17836, 13, 2024/10/24, 18:38:45.519, 2487718652983, vstest.console.dll, LengthPrefixCommunicationChannel.Dispose: Dispose reader and writer.
TpTrace Information: 0 : 17836, 13, 2024/10/24, 18:38:45.519, 2487718654458, vstest.console.dll, SocketServer.Stop: Raise disconnected event endPoint: 127.0.0.1:63042 error: 
TpTrace Verbose: 0 : 17836, 13, 2024/10/24, 18:38:45.519, 2487718656110, vstest.console.dll, TestRequestSender: OnTestRunAbort: Operation is already complete. Skip error message.
TpTrace Verbose: 0 : 17836, 13, 2024/10/24, 18:38:45.519, 2487718656587, vstest.console.dll, MulticastDelegateUtilities.SafeInvoke: SocketServer: ClientDisconnected: Invoking callback 1/1 for Microsoft.VisualStudio.TestPlatform.CommunicationUtilities.TestRequestSender., took 0 ms.
